This is pdfTeX, Version 3.14159265-2.6-1.40.18 (TeX Live 2017/Debian) (preloaded format=pdflatex 2018.5.8)  15 MAY 2018 11:58
entering extended mode
 restricted \write18 enabled.
 %&-line parsing enabled.
**index.tex
(./index.tex
LaTeX2e <2017-04-15>
Babel <3.12> and hyphenation patterns for 84 language(s) loaded.
(./fixos/pacotes.tex
(/usr/share/texlive/texmf-dist/tex/latex/abntex2/abntex2.cls
Document Class: abntex2 2016/02/26 v-1.9.6 abnTeX2
(/usr/share/texlive/texmf-dist/tex/latex/base/ifthen.sty
Package: ifthen 2014/09/29 v1.1c Standard LaTeX ifthen package (DPC)
)
(/usr/share/texlive/texmf-dist/tex/latex/memoir/memoir.cls
Document Class: memoir 2016/05/16 v3.7f configurable book, report, article docu
ment class
\onelineskip=\skip41
\lxvchars=\skip42
\xlvchars=\skip43
\@memcnta=\count79
\c@@memmarkcntra=\count80
(/usr/share/texlive/texmf-dist/tex/generic/oberdiek/ifpdf.sty
Package: ifpdf 2017/03/15 v3.2 Provides the ifpdf switch
)
(/usr/share/texlive/texmf-dist/tex/latex/ifetex/ifetex.sty
Package: ifetex 2011/12/15 v1.2 ifetex

(/usr/share/texlive/texmf-dist/tex/plain/ifetex/ifetex.tex))
(/usr/share/texlive/texmf-dist/tex/generic/ifxetex/ifxetex.sty
Package: ifxetex 2010/09/12 v0.6 Provides ifxetex conditional
)
(/usr/share/texlive/texmf-dist/tex/generic/oberdiek/ifluatex.sty
Package: ifluatex 2016/05/16 v1.4 Provides the ifluatex switch (HO)
Package ifluatex Info: LuaTeX not detected.
)
\stockheight=\skip44
\stockwidth=\skip45
\trimtop=\skip46
\trimedge=\skip47

(/usr/share/texlive/texmf-dist/tex/latex/memoir/mem12.clo
File: mem12.clo 2010/10/19 v0.4b memoir class 12pt size option
)
\binding=\skip48
\spinemargin=\skip49
\foremargin=\skip50
\uppermargin=\skip51
\lowermargin=\skip52
\headdrop=\skip53
\normalrulethickness=\skip54
\mem@maxheadheight=\skip55
\mem@maxfootheight=\skip56
\headwidth=\skip57
\c@storedpagenumber=\count81
\memPD=\dimen102
\m@mabparskip=\skip58
\thanksmarkwidth=\skip59
\thanksmarksep=\skip60
\droptitle=\skip61
\c@book=\count82
\c@part=\count83
\c@chapter=\count84
\c@section=\count85
\c@subsection=\count86
\c@subsubsection=\count87
\c@paragraph=\count88
\c@subparagraph=\count89
\beforechapskip=\skip62
\midchapskip=\skip63
\afterchapskip=\skip64
\chapindent=\skip65
\bottomsectionskip=\skip66
\secindent=\skip67
\beforesecskip=\skip68
\aftersecskip=\skip69
\subsecindent=\skip70
\beforesubsecskip=\skip71
\aftersubsecskip=\skip72
\subsubsecindent=\skip73
\beforesubsubsecskip=\skip74
\aftersubsubsecskip=\skip75
\paraindent=\skip76
\beforeparaskip=\skip77
\afterparaskip=\skip78
\subparaindent=\skip79
\beforesubparaskip=\skip80
\aftersubparaskip=\skip81
\pfbreakskip=\skip82
\c@@ppsavesec=\count90
\c@@ppsaveapp=\count91
\ragrparindent=\dimen103
\everylistparindent=\dimen104
\parsepi=\skip83
\topsepi=\skip84
\itemsepi=\skip85
\parsepii=\skip86
\topsepii=\skip87
\topsepiii=\skip88
\itemsepii=\skip89
\itemsepiii=\skip90
\partopsepii=\skip91
\partopsepiii=\skip92
\m@msavetopsep=\skip93
\m@msavepartopsep=\skip94
\@enLab=\toks14
\abstitleskip=\skip95
\absleftindent=\skip96
\abs@leftindent=\dimen105
\absrightindent=\skip97
\absparindent=\skip98
\absparsep=\skip99
\c@vslineno=\count92
\c@poemline=\count93
\c@modulo@vs=\count94
\c@memfvsline=\count95
\vleftskip=\skip100
\vrightskip=\skip101
\stanzaskip=\skip102
\versewidth=\skip103
\vgap=\skip104
\vindent=\skip105
\vleftmargin=\dimen106
\c@verse=\count96
\c@chrsinstr=\count97
\beforepoemtitleskip=\skip106
\afterpoemtitleskip=\skip107
\c@poem=\count98
\beforePoemTitleskip=\skip108
\midPoemTitleskip=\skip109
\afterPoemTitleskip=\skip110
\col@sep=\dimen107
\extrarowheight=\dimen108
\NC@list=\toks15
\extratabsurround=\skip111
\backup@length=\skip112
\TX@col@width=\dimen109
\TX@old@table=\dimen110
\TX@old@col=\dimen111
\TX@target=\dimen112
\TX@delta=\dimen113
\TX@cols=\count99
\TX@ftn=\toks16
\heavyrulewidth=\dimen114
\lightrulewidth=\dimen115
\cmidrulewidth=\dimen116
\belowrulesep=\dimen117
\belowbottomsep=\dimen118
\aboverulesep=\dimen119
\abovetopsep=\dimen120
\cmidrulesep=\dimen121
\cmidrulekern=\dimen122
\defaultaddspace=\dimen123
\@cmidla=\count100
\@cmidlb=\count101
\@aboverulesep=\dimen124
\@belowrulesep=\dimen125
\@thisruleclass=\count102
\@lastruleclass=\count103
\@thisrulewidth=\dimen126
\ctableftskip=\skip113
\ctabrightskip=\skip114
\abovecolumnspenalty=\count104
\@linestogo=\count105
\@cellstogo=\count106
\@cellsincolumn=\count107
\crtok=\toks17
\@mincolumnwidth=\dimen127
\c@newflo@tctr=\count108
\mem@margin@floatbox=\box26
\@contcwidth=\skip115
\@contindw=\skip116
\abovecaptionskip=\skip117
\belowcaptionskip=\skip118
\subfloattopskip=\skip119
\subfloatcapskip=\skip120
\subfloatcaptopadj=\skip121
\subfloatbottomskip=\skip122
\subfloatlabelskip=\skip123
\subfloatcapmargin=\dimen128
\c@@contsubnum=\count109
\m@mscap@capbox=\box27
\m@mscap@fbox=\box28
\sidecapsep=\dimen129
\sidecapwidth=\dimen130
\m@m@tempdima=\dimen131
\m@mscapraise=\dimen132
\sidecapraise=\dimen133
\m@mscapmainwidth=\dimen134
\m@mscaplkern=\dimen135
\beforeepigraphskip=\skip124
\afterepigraphskip=\skip125
\epigraphwidth=\skip126
\epigraphrule=\skip127
LaTeX Info: Redefining \em on input line 7551.
LaTeX Info: Redefining \emph on input line 7559.
\tocentryskip=\skip128
\tocbaseline=\skip129
\cftparskip=\skip130
\cftbeforebookskip=\skip131
\cftbookindent=\dimen136
\cftbooknumwidth=\dimen137
\cftbeforepartskip=\skip132
\cftpartindent=\skip133
\cftpartnumwidth=\skip134
\cftbeforechapterskip=\skip135
\cftchapterindent=\skip136
\cftchapternumwidth=\skip137
\cftbeforesectionskip=\skip138
\cftsectionindent=\skip139
\cftsectionnumwidth=\skip140
\cftbeforesubsectionskip=\skip141
\cftsubsectionindent=\skip142
\cftsubsectionnumwidth=\skip143
\cftbeforesubsubsectionskip=\skip144
\cftsubsubsectionindent=\skip145
\cftsubsubsectionnumwidth=\skip146
\cftbeforeparagraphskip=\skip147
\cftparagraphindent=\skip148
\cftparagraphnumwidth=\skip149
\cftbeforesubparagraphskip=\skip150
\cftsubparagraphindent=\skip151
\cftsubparagraphnumwidth=\skip152
\prechapterprecisshift=\dimen138
\c@maxsecnumdepth=\count110
\bibindent=\dimen139
\bibitemsep=\skip153
\indexcolsep=\skip154
\indexrule=\skip155
\indexmarkstyle=\toks18
\@indexbox=\insert199
\glossarycolsep=\dimen140
\glossaryrule=\dimen141
\sideparvshift=\skip156
\sideins=\insert198
\sidebartopsep=\skip157
\sidebarhsep=\skip158
\sidebarvsep=\skip159
\sidebarwidth=\skip160
\footmarkwidth=\skip161
\footmarksep=\skip162
\footparindent=\skip163
\footinsdim=\skip164
\footinsv@r=\insert197
\@mpfootinsv@r=\insert196
\m@m@k=\count111
\m@m@h=\dimen142
\m@mipn@skip=\skip165
\sidefootins=\insert195
\sidefootadjust=\skip166
\sidefootheight=\skip167
\sidefoothsep=\skip168
\sidefootvsep=\skip169
\sidefootwidth=\skip170
\m@mdownsf=\skip171
\c@sidefootnote=\count112
\sidefootmarkwidth=\skip172
\sidefootmarksep=\skip173
\sidefootparindent=\skip174
\c@pagenote=\count113
\c@pagenoteshadow=\count114
\mem@pn@lastkern=\skip175
\every@verbatim=\toks19
\afterevery@verbatim=\toks20
\verbatim@line=\toks21
\tab@position=\count115
\verbatim@in@stream=\read1
\verbatimindent=\skip176
\verbatim@out=\write3
\bvboxsep=\skip177
\c@memfbvline=\count116
\c@bvlinectr=\count117
\bvnumlength=\skip178
\fb@frw=\dimen143
\fb@frh=\dimen144
\FrameRule=\dimen145
\FrameSep=\dimen146
\c@cp@cntr=\count118
LaTeX Info: Redefining \: on input line 12068.
LaTeX Info: Redefining \! on input line 12070.
\c@ism@mctr=\count119
\c@xsm@mctr=\count120
\c@csm@mctr=\count121
\c@ksm@mctr=\count122
\c@xksm@mctr=\count123
\c@cksm@mctr=\count124
\c@msm@mctr=\count125
\c@xmsm@mctr=\count126
\c@cmsm@mctr=\count127
\c@bsm@mctr=\count128
\c@workm@mctr=\count129
\c@sheetsequence=\count130
\c@lastsheet=\count131
\c@lastpage=\count132
\c@figure=\count133
\c@lofdepth=\count134
\cftbeforefigureskip=\skip179
\cftfigureindent=\skip180
\cftfigurenumwidth=\skip181
\c@table=\count135
\c@lotdepth=\count136
\cftbeforetableskip=\skip182
\cfttableindent=\skip183
\cfttablenumwidth=\skip184
Package abstract [2008/07/23] emulated by memoir.
Package appendix [2008/07/23] emulated by memoir.
Package array [2008/09/09] emulated by memoir.
Package booktabs [2016/05/16] emulated by memoir.
Package ccaption [2008/07/23] emulated by memoir.
Package changepage [2008/07/23] emulated by memoir.
Package chngcntr [2008/07/23] emulated by memoir.
Package chngpage [2008/07/23] emulated by memoir.
Package crop emulated by memoir.
Package dcolumn [2008/07/23] emulated by memoir.
Package delarray [2008/07/23] emulated by memoir.
Package enumerate [2008/07/23] emulated by memoir.
Package epigraph [2008/07/23] emulated by memoir.
Package ifmtarg [2008/07/23] emulated by memoir.
Package index [2008/07/23] emulated by memoir.
Package makeidx [2008/07/23] emulated by memoir.
Package moreverb [2008/07/23] emulated by memoir.
Package mparhack [2008/07/23] emulated by memoir.
Package needspace [2008/07/23] emulated by memoir.
Package newfile [2008/07/23] emulated by memoir.
Package nextpage [2008/07/23] emulated by memoir.
Package pagenote [2008/07/23] emulated by memoir.
Package parskip [2008/07/23] emulated by memoir.
Package patchcmd [2008/07/23] emulated by memoir.
Package setspace [2008/07/23] emulated by memoir.
Package shortvrb [2008/07/23] emulated by memoir.
Package showidx [2008/07/23] emulated by memoir.
Package tabularx [2008/07/23] emulated by memoir.
Package titleref [2008/07/23] emulated by memoir.
Package titling [2008/07/23] emulated by memoir.
Package tocbibind [2008/07/23] emulated by memoir.
Package tocloft [2008/07/23] emulated by memoir.
Package tocvsec2 [2008/07/23] emulated by memoir.
Package verbatim [2008/07/23] emulated by memoir.
Package verse [2008/07/23] emulated by memoir.

(/usr/share/texlive/texmf-dist/tex/latex/memoir/mempatch.sty
Package: mempatch 2009/07/24 v6.0f Patches for memoir class v1.6180339
))
(/usr/share/texlive/texmf-dist/tex/latex/textcase/textcase.sty
Package: textcase 2004/10/07 v0.07 Text only upper/lower case changing (DPC)
LaTeX Info: Redefining \MakeTextUppercase on input line 47.
LaTeX Info: Redefining \MakeTextLowercase on input line 50.
)
(/usr/share/texlive/texmf-dist/tex/latex/hyperref/hyperref.sty
Package: hyperref 2017/03/14 v6.85a Hypertext links for LaTeX

(/usr/share/texlive/texmf-dist/tex/generic/oberdiek/hobsub-hyperref.sty
Package: hobsub-hyperref 2016/05/16 v1.14 Bundle oberdiek, subset hyperref (HO)


(/usr/share/texlive/texmf-dist/tex/generic/oberdiek/hobsub-generic.sty
Package: hobsub-generic 2016/05/16 v1.14 Bundle oberdiek, subset generic (HO)
Package: hobsub 2016/05/16 v1.14 Construct package bundles (HO)
Package: infwarerr 2016/05/16 v1.4 Providing info/warning/error messages (HO)
Package: ltxcmds 2016/05/16 v1.23 LaTeX kernel commands for general use (HO)
Package hobsub Info: Skipping package `ifluatex' (already loaded).
Package: ifvtex 2016/05/16 v1.6 Detect VTeX and its facilities (HO)
Package ifvtex Info: VTeX not detected.
Package: intcalc 2016/05/16 v1.2 Expandable calculations with integers (HO)
Package hobsub Info: Skipping package `ifpdf' (already loaded).
Package: etexcmds 2016/05/16 v1.6 Avoid name clashes with e-TeX commands (HO)
Package etexcmds Info: Could not find \expanded.
(etexcmds)             That can mean that you are not using pdfTeX 1.50 or
(etexcmds)             that some package has redefined \expanded.
(etexcmds)             In the latter case, load this package earlier.
Package: kvsetkeys 2016/05/16 v1.17 Key value parser (HO)
Package: kvdefinekeys 2016/05/16 v1.4 Define keys (HO)
Package: pdftexcmds 2017/03/19 v0.25 Utility functions of pdfTeX for LuaTeX (HO
)
Package pdftexcmds Info: LuaTeX not detected.
Package pdftexcmds Info: \pdf@primitive is available.
Package pdftexcmds Info: \pdf@ifprimitive is available.
Package pdftexcmds Info: \pdfdraftmode found.
Package: pdfescape 2016/05/16 v1.14 Implements pdfTeX's escape features (HO)
Package: bigintcalc 2016/05/16 v1.4 Expandable calculations on big integers (HO
)
Package: bitset 2016/05/16 v1.2 Handle bit-vector datatype (HO)
Package: uniquecounter 2016/05/16 v1.3 Provide unlimited unique counter (HO)
)
Package hobsub Info: Skipping package `hobsub' (already loaded).
Package: letltxmacro 2016/05/16 v1.5 Let assignment for LaTeX macros (HO)
Package: hopatch 2016/05/16 v1.3 Wrapper for package hooks (HO)
Package: xcolor-patch 2016/05/16 xcolor patch
Package: atveryend 2016/05/16 v1.9 Hooks at the very end of document (HO)
Package atveryend Info: \enddocument detected (standard20110627).
Package: atbegshi 2016/06/09 v1.18 At begin shipout hook (HO)
Package: refcount 2016/05/16 v3.5 Data extraction from label references (HO)
Package: hycolor 2016/05/16 v1.8 Color options for hyperref/bookmark (HO)
)
(/usr/share/texlive/texmf-dist/tex/latex/graphics/keyval.sty
Package: keyval 2014/10/28 v1.15 key=value parser (DPC)
\KV@toks@=\toks22
)
(/usr/share/texlive/texmf-dist/tex/latex/oberdiek/auxhook.sty
Package: auxhook 2016/05/16 v1.4 Hooks for auxiliary files (HO)
)
(/usr/share/texlive/texmf-dist/tex/latex/oberdiek/kvoptions.sty
Package: kvoptions 2016/05/16 v3.12 Key value format for package options (HO)
)
\@linkdim=\dimen147
\Hy@linkcounter=\count137
\Hy@pagecounter=\count138

(/usr/share/texlive/texmf-dist/tex/latex/hyperref/pd1enc.def
File: pd1enc.def 2017/03/14 v6.85a Hyperref: PDFDocEncoding definition (HO)
)
\Hy@SavedSpaceFactor=\count139

(/usr/share/texlive/texmf-dist/tex/latex/latexconfig/hyperref.cfg
File: hyperref.cfg 2002/06/06 v1.2 hyperref configuration of TeXLive
)
Package hyperref Info: Hyper figures OFF on input line 4498.
Package hyperref Info: Link nesting OFF on input line 4503.
Package hyperref Info: Hyper index ON on input line 4506.
Package hyperref Info: Plain pages OFF on input line 4513.
Package hyperref Info: Backreferencing OFF on input line 4518.
Package hyperref Info: Implicit mode ON; LaTeX internals redefined.
Package hyperref Info: Bookmarks ON on input line 4751.
\c@Hy@tempcnt=\count140

(/usr/share/texlive/texmf-dist/tex/latex/url/url.sty
\Urlmuskip=\muskip10
Package: url 2013/09/16  ver 3.4  Verb mode for urls, etc.
)
LaTeX Info: Redefining \url on input line 5104.
\XeTeXLinkMargin=\dimen148
\Fld@menulength=\count141
\Field@Width=\dimen149
\Fld@charsize=\dimen150
Package hyperref Info: Hyper figures OFF on input line 6358.
Package hyperref Info: Link nesting OFF on input line 6363.
Package hyperref Info: Hyper index ON on input line 6366.
Package hyperref Info: backreferencing OFF on input line 6373.
Package hyperref Info: Link coloring OFF on input line 6378.
Package hyperref Info: Link coloring with OCG OFF on input line 6383.
Package hyperref Info: PDF/A mode OFF on input line 6388.
LaTeX Info: Redefining \ref on input line 6428.
LaTeX Info: Redefining \pageref on input line 6432.
\Hy@abspage=\count142
\c@Item=\count143
\c@Hfootnote=\count144
)
(/usr/share/texlive/texmf-dist/tex/latex/memoir/memhfixc.sty
Package: memhfixc 2013/05/30 v1.17 nameref/hyperref package fixes for memoir cl
ass
\c@memhycontfloat=\count145
\c@Hpagenote=\count146
)

Package hyperref Message: Driver (autodetected): hpdftex.

(/usr/share/texlive/texmf-dist/tex/latex/hyperref/hpdftex.def
File: hpdftex.def 2017/03/14 v6.85a Hyperref driver for pdfTeX
\Fld@listcount=\count147
\c@bookmark@seq@number=\count148

(/usr/share/texlive/texmf-dist/tex/latex/oberdiek/rerunfilecheck.sty
Package: rerunfilecheck 2016/05/16 v1.8 Rerun checks for auxiliary files (HO)
Package uniquecounter Info: New unique counter `rerunfilecheck' on input line 2
82.
)
\Hy@SectionHShift=\skip185
)
(/usr/share/texlive/texmf-dist/tex/latex/oberdiek/bookmark.sty
Package: bookmark 2016/05/17 v1.26 PDF bookmarks (HO)

(/usr/share/texlive/texmf-dist/tex/latex/oberdiek/bkm-pdftex.def
File: bkm-pdftex.def 2016/05/17 v1.26 bookmark driver for pdfTeX (HO)
\BKM@id=\count149
))
(/usr/share/texlive/texmf-dist/tex/generic/babel/babel.sty
Package: babel 2017/06/29 3.12 The Babel package

(/usr/share/texlive/texmf-dist/tex/generic/babel/switch.def
File: switch.def 2017/06/29 3.12 Babel switching mechanism
)
(/usr/share/texlive/texmf-dist/tex/generic/babel-english/english.ldf
Language: english 2017/06/06 v3.3r English support from the babel system

(/usr/share/texlive/texmf-dist/tex/generic/babel/babel.def
File: babel.def 2017/06/29 3.12 Babel common definitions

(/usr/share/texlive/texmf-dist/tex/generic/babel/switch.def
File: switch.def 2017/06/29 3.12 Babel switching mechanism
)
\babel@savecnt=\count150
\U@D=\dimen151
)
\l@canadian = a dialect from \language\l@american 
\l@australian = a dialect from \language\l@british 
\l@newzealand = a dialect from \language\l@british 
)
(/usr/share/texlive/texmf-dist/tex/generic/babel-french/frenchb.ldf
Language: frenchb 2017/07/08 v3.3b French support from the babel system

(/usr/share/texlive/texmf-dist/tex/generic/babel-french/french.ldf
Language: french 2017/07/08 v3.3b French support from the babel system
\FB@nonchar=\count151
\FBcolonsp=\toks23
\FBthinsp=\toks24
Package babel Info: Making : an active character on input line 321.
Package babel Info: Making ; an active character on input line 322.
Package babel Info: Making ! an active character on input line 323.
Package babel Info: Making ? an active character on input line 324.
\FBguillsp=\toks25
\FBguill@level=\count152
\FB@everypar=\toks26
\FB@Mht=\dimen152
\mc@charclass=\count153
\mc@charfam=\count154
\mc@charslot=\count155
\std@mcc=\count156
\dec@mcc=\count157
\listindentFB=\skip186
\descindentFB=\skip187
\labelwidthFB=\skip188
\leftmarginFB=\skip189
\parindentFFN=\dimen153
\FBfnindent=\skip190
))
(/usr/share/texlive/texmf-dist/tex/generic/babel-spanish/spanish.ldf
Language: spanish.ldf 2016/03/03 v5.0p Spanish support from the babel system
\es@quottoks=\toks27
\es@quotdepth=\count158
Package babel Info: Making " an active character on input line 561.
Package babel Info: Making . an active character on input line 662.
Package babel Info: Making < an active character on input line 707.
Package babel Info: Making > an active character on input line 707.
)
(/usr/share/texlive/texmf-dist/tex/generic/babel-portuges/portuges.ldf
Language: portuges 2008/03/18 v1.2q Portuguese support from the babel system
\l@brazil = a dialect from \language\l@portuges 
))
(/usr/share/texlive/texmf-dist/tex/latex/carlisle/scalefnt.sty)
(/usr/share/texlive/texmf-dist/tex/latex/enumitem/enumitem.sty
Package: enumitem 2011/09/28 v3.5.2 Customized lists
\labelindent=\skip191
\enit@outerparindent=\dimen154
\enit@toks=\toks28
\enit@inbox=\box29
\enitdp@description=\count159
)
(/usr/share/texlive/texmf-dist/tex/latex/tools/calc.sty
Package: calc 2014/10/28 v4.3 Infix arithmetic (KKT,FJ)
\calc@Acount=\count160
\calc@Bcount=\count161
\calc@Adimen=\dimen155
\calc@Bdimen=\dimen156
\calc@Askip=\skip192
\calc@Bskip=\skip193
LaTeX Info: Redefining \setlength on input line 80.
LaTeX Info: Redefining \addtolength on input line 81.
\calc@Ccount=\count162
\calc@Cskip=\skip194
)

******************************************************
Stock height and width: 845.04684pt by 597.50787pt
Top and edge trims: 0pt and 0pt
Page height and width: 845.04684pt by 597.50787pt
Text height and width: 708pt by 455pt
Spine and edge margins: 85.35826pt and 56.9055pt
Upper and lower margins: 85.35826pt and 51.68858pt
Headheight and headsep: 14.5pt and 19.8738pt
Footskip: 30pt
Columnsep and columnseprule: 10pt and 0pt
Marginparsep and marginparwidth: 7pt and 42.9055pt
Sidecapsep and sidecapwidth: 7pt and 92pt
Sidebarhsep and sidebarwidth: 7pt and 92pt
Sidebarvsep and sidebartopsep: 14.5pt and 0pt
Sidebarheight: 590.14995pt
Sidefoothsep and sidefootwidth: 7pt and 92pt
Sidefootvsep and sidefootheight: 14.5pt and 590.14995pt
******************************************************

\c@abntex@bookmarkcounter=\count163
\cftlastnumwidth=\skip256
\chapternamenumlength=\skip257
\ABNTEXcitacaorecuo=\skip258
\c@alineasi=\count164
\c@alineasii=\count165
\enitdp@alineas=\count166
\c@subalineasi=\count167
\enitdp@subalineas=\count168
\c@incisosi=\count169
\enitdp@incisos=\count170
\ABNTEXsignwidth=\skip259
\ABNTEXsignthickness=\skip260
\ABNTEXsignskip=\skip261
) (/usr/share/texlive/texmf-dist/tex/latex/cmap/cmap.sty
Package: cmap 2008/03/06 v1.0h CMap support: searchable PDF
)
(/usr/share/texmf/tex/latex/lm/lmodern.sty
Package: lmodern 2009/10/30 v1.6 Latin Modern Fonts
LaTeX Font Info:    Overwriting symbol font `operators' in version `normal'
(Font)                  OT1/cmr/m/n --> OT1/lmr/m/n on input line 22.
LaTeX Font Info:    Overwriting symbol font `letters' in version `normal'
(Font)                  OML/cmm/m/it --> OML/lmm/m/it on input line 23.
LaTeX Font Info:    Overwriting symbol font `symbols' in version `normal'
(Font)                  OMS/cmsy/m/n --> OMS/lmsy/m/n on input line 24.
LaTeX Font Info:    Overwriting symbol font `largesymbols' in version `normal'
(Font)                  OMX/cmex/m/n --> OMX/lmex/m/n on input line 25.
LaTeX Font Info:    Overwriting symbol font `operators' in version `bold'
(Font)                  OT1/cmr/bx/n --> OT1/lmr/bx/n on input line 26.
LaTeX Font Info:    Overwriting symbol font `letters' in version `bold'
(Font)                  OML/cmm/b/it --> OML/lmm/b/it on input line 27.
LaTeX Font Info:    Overwriting symbol font `symbols' in version `bold'
(Font)                  OMS/cmsy/b/n --> OMS/lmsy/b/n on input line 28.
LaTeX Font Info:    Overwriting symbol font `largesymbols' in version `bold'
(Font)                  OMX/cmex/m/n --> OMX/lmex/m/n on input line 29.
LaTeX Font Info:    Overwriting math alphabet `\mathbf' in version `normal'
(Font)                  OT1/cmr/bx/n --> OT1/lmr/bx/n on input line 31.
LaTeX Font Info:    Overwriting math alphabet `\mathsf' in version `normal'
(Font)                  OT1/cmss/m/n --> OT1/lmss/m/n on input line 32.
LaTeX Font Info:    Overwriting math alphabet `\mathit' in version `normal'
(Font)                  OT1/cmr/m/it --> OT1/lmr/m/it on input line 33.
LaTeX Font Info:    Overwriting math alphabet `\mathtt' in version `normal'
(Font)                  OT1/cmtt/m/n --> OT1/lmtt/m/n on input line 34.
LaTeX Font Info:    Overwriting math alphabet `\mathbf' in version `bold'
(Font)                  OT1/cmr/bx/n --> OT1/lmr/bx/n on input line 35.
LaTeX Font Info:    Overwriting math alphabet `\mathsf' in version `bold'
(Font)                  OT1/cmss/bx/n --> OT1/lmss/bx/n on input line 36.
LaTeX Font Info:    Overwriting math alphabet `\mathit' in version `bold'
(Font)                  OT1/cmr/bx/it --> OT1/lmr/bx/it on input line 37.
LaTeX Font Info:    Overwriting math alphabet `\mathtt' in version `bold'
(Font)                  OT1/cmtt/m/n --> OT1/lmtt/m/n on input line 38.
)
(/usr/share/texlive/texmf-dist/tex/latex/base/fontenc.sty
Package: fontenc 2017/04/05 v2.0i Standard LaTeX package

(/usr/share/texlive/texmf-dist/tex/latex/base/t1enc.def
File: t1enc.def 2017/04/05 v2.0i Standard LaTeX file
LaTeX Font Info:    Redeclaring font encoding T1 on input line 48.
)<<t1.cmap>>)
(/usr/share/texlive/texmf-dist/tex/latex/base/inputenc.sty
Package: inputenc 2015/03/17 v1.2c Input encoding file
\inpenc@prehook=\toks29
\inpenc@posthook=\toks30

(/usr/share/texlive/texmf-dist/tex/latex/base/utf8.def
File: utf8.def 2017/01/28 v1.1t UTF-8 support for inputenc
Now handling font encoding OML ...
... no UTF-8 mapping file for font encoding OML
Now handling font encoding T1 ...
... processing UTF-8 mapping file for font encoding T1

(/usr/share/texlive/texmf-dist/tex/latex/base/t1enc.dfu
File: t1enc.dfu 2017/01/28 v1.1t UTF-8 support for inputenc
   defining Unicode char U+00A0 (decimal 160)
   defining Unicode char U+00A1 (decimal 161)
   defining Unicode char U+00A3 (decimal 163)
   defining Unicode char U+00AB (decimal 171)
   defining Unicode char U+00AD (decimal 173)
   defining Unicode char U+00BB (decimal 187)
   defining Unicode char U+00BF (decimal 191)
   defining Unicode char U+00C0 (decimal 192)
   defining Unicode char U+00C1 (decimal 193)
   defining Unicode char U+00C2 (decimal 194)
   defining Unicode char U+00C3 (decimal 195)
   defining Unicode char U+00C4 (decimal 196)
   defining Unicode char U+00C5 (decimal 197)
   defining Unicode char U+00C6 (decimal 198)
   defining Unicode char U+00C7 (decimal 199)
   defining Unicode char U+00C8 (decimal 200)
   defining Unicode char U+00C9 (decimal 201)
   defining Unicode char U+00CA (decimal 202)
   defining Unicode char U+00CB (decimal 203)
   defining Unicode char U+00CC (decimal 204)
   defining Unicode char U+00CD (decimal 205)
   defining Unicode char U+00CE (decimal 206)
   defining Unicode char U+00CF (decimal 207)
   defining Unicode char U+00D0 (decimal 208)
   defining Unicode char U+00D1 (decimal 209)
   defining Unicode char U+00D2 (decimal 210)
   defining Unicode char U+00D3 (decimal 211)
   defining Unicode char U+00D4 (decimal 212)
   defining Unicode char U+00D5 (decimal 213)
   defining Unicode char U+00D6 (decimal 214)
   defining Unicode char U+00D8 (decimal 216)
   defining Unicode char U+00D9 (decimal 217)
   defining Unicode char U+00DA (decimal 218)
   defining Unicode char U+00DB (decimal 219)
   defining Unicode char U+00DC (decimal 220)
   defining Unicode char U+00DD (decimal 221)
   defining Unicode char U+00DE (decimal 222)
   defining Unicode char U+00DF (decimal 223)
   defining Unicode char U+00E0 (decimal 224)
   defining Unicode char U+00E1 (decimal 225)
   defining Unicode char U+00E2 (decimal 226)
   defining Unicode char U+00E3 (decimal 227)
   defining Unicode char U+00E4 (decimal 228)
   defining Unicode char U+00E5 (decimal 229)
   defining Unicode char U+00E6 (decimal 230)
   defining Unicode char U+00E7 (decimal 231)
   defining Unicode char U+00E8 (decimal 232)
   defining Unicode char U+00E9 (decimal 233)
   defining Unicode char U+00EA (decimal 234)
   defining Unicode char U+00EB (decimal 235)
   defining Unicode char U+00EC (decimal 236)
   defining Unicode char U+00ED (decimal 237)
   defining Unicode char U+00EE (decimal 238)
   defining Unicode char U+00EF (decimal 239)
   defining Unicode char U+00F0 (decimal 240)
   defining Unicode char U+00F1 (decimal 241)
   defining Unicode char U+00F2 (decimal 242)
   defining Unicode char U+00F3 (decimal 243)
   defining Unicode char U+00F4 (decimal 244)
   defining Unicode char U+00F5 (decimal 245)
   defining Unicode char U+00F6 (decimal 246)
   defining Unicode char U+00F8 (decimal 248)
   defining Unicode char U+00F9 (decimal 249)
   defining Unicode char U+00FA (decimal 250)
   defining Unicode char U+00FB (decimal 251)
   defining Unicode char U+00FC (decimal 252)
   defining Unicode char U+00FD (decimal 253)
   defining Unicode char U+00FE (decimal 254)
   defining Unicode char U+00FF (decimal 255)
   defining Unicode char U+0100 (decimal 256)
   defining Unicode char U+0101 (decimal 257)
   defining Unicode char U+0102 (decimal 258)
   defining Unicode char U+0103 (decimal 259)
   defining Unicode char U+0104 (decimal 260)
   defining Unicode char U+0105 (decimal 261)
   defining Unicode char U+0106 (decimal 262)
   defining Unicode char U+0107 (decimal 263)
   defining Unicode char U+0108 (decimal 264)
   defining Unicode char U+0109 (decimal 265)
   defining Unicode char U+010A (decimal 266)
   defining Unicode char U+010B (decimal 267)
   defining Unicode char U+010C (decimal 268)
   defining Unicode char U+010D (decimal 269)
   defining Unicode char U+010E (decimal 270)
   defining Unicode char U+010F (decimal 271)
   defining Unicode char U+0110 (decimal 272)
   defining Unicode char U+0111 (decimal 273)
   defining Unicode char U+0112 (decimal 274)
   defining Unicode char U+0113 (decimal 275)
   defining Unicode char U+0114 (decimal 276)
   defining Unicode char U+0115 (decimal 277)
   defining Unicode char U+0116 (decimal 278)
   defining Unicode char U+0117 (decimal 279)
   defining Unicode char U+0118 (decimal 280)
   defining Unicode char U+0119 (decimal 281)
   defining Unicode char U+011A (decimal 282)
   defining Unicode char U+011B (decimal 283)
   defining Unicode char U+011C (decimal 284)
   defining Unicode char U+011D (decimal 285)
   defining Unicode char U+011E (decimal 286)
   defining Unicode char U+011F (decimal 287)
   defining Unicode char U+0120 (decimal 288)
   defining Unicode char U+0121 (decimal 289)
   defining Unicode char U+0122 (decimal 290)
   defining Unicode char U+0123 (decimal 291)
   defining Unicode char U+0124 (decimal 292)
   defining Unicode char U+0125 (decimal 293)
   defining Unicode char U+0128 (decimal 296)
   defining Unicode char U+0129 (decimal 297)
   defining Unicode char U+012A (decimal 298)
   defining Unicode char U+012B (decimal 299)
   defining Unicode char U+012C (decimal 300)
   defining Unicode char U+012D (decimal 301)
   defining Unicode char U+012E (decimal 302)
   defining Unicode char U+012F (decimal 303)
   defining Unicode char U+0130 (decimal 304)
   defining Unicode char U+0131 (decimal 305)
   defining Unicode char U+0132 (decimal 306)
   defining Unicode char U+0133 (decimal 307)
   defining Unicode char U+0134 (decimal 308)
   defining Unicode char U+0135 (decimal 309)
   defining Unicode char U+0136 (decimal 310)
   defining Unicode char U+0137 (decimal 311)
   defining Unicode char U+0139 (decimal 313)
   defining Unicode char U+013A (decimal 314)
   defining Unicode char U+013B (decimal 315)
   defining Unicode char U+013C (decimal 316)
   defining Unicode char U+013D (decimal 317)
   defining Unicode char U+013E (decimal 318)
   defining Unicode char U+0141 (decimal 321)
   defining Unicode char U+0142 (decimal 322)
   defining Unicode char U+0143 (decimal 323)
   defining Unicode char U+0144 (decimal 324)
   defining Unicode char U+0145 (decimal 325)
   defining Unicode char U+0146 (decimal 326)
   defining Unicode char U+0147 (decimal 327)
   defining Unicode char U+0148 (decimal 328)
   defining Unicode char U+014A (decimal 330)
   defining Unicode char U+014B (decimal 331)
   defining Unicode char U+014C (decimal 332)
   defining Unicode char U+014D (decimal 333)
   defining Unicode char U+014E (decimal 334)
   defining Unicode char U+014F (decimal 335)
   defining Unicode char U+0150 (decimal 336)
   defining Unicode char U+0151 (decimal 337)
   defining Unicode char U+0152 (decimal 338)
   defining Unicode char U+0153 (decimal 339)
   defining Unicode char U+0154 (decimal 340)
   defining Unicode char U+0155 (decimal 341)
   defining Unicode char U+0156 (decimal 342)
   defining Unicode char U+0157 (decimal 343)
   defining Unicode char U+0158 (decimal 344)
   defining Unicode char U+0159 (decimal 345)
   defining Unicode char U+015A (decimal 346)
   defining Unicode char U+015B (decimal 347)
   defining Unicode char U+015C (decimal 348)
   defining Unicode char U+015D (decimal 349)
   defining Unicode char U+015E (decimal 350)
   defining Unicode char U+015F (decimal 351)
   defining Unicode char U+0160 (decimal 352)
   defining Unicode char U+0161 (decimal 353)
   defining Unicode char U+0162 (decimal 354)
   defining Unicode char U+0163 (decimal 355)
   defining Unicode char U+0164 (decimal 356)
   defining Unicode char U+0165 (decimal 357)
   defining Unicode char U+0168 (decimal 360)
   defining Unicode char U+0169 (decimal 361)
   defining Unicode char U+016A (decimal 362)
   defining Unicode char U+016B (decimal 363)
   defining Unicode char U+016C (decimal 364)
   defining Unicode char U+016D (decimal 365)
   defining Unicode char U+016E (decimal 366)
   defining Unicode char U+016F (decimal 367)
   defining Unicode char U+0170 (decimal 368)
   defining Unicode char U+0171 (decimal 369)
   defining Unicode char U+0172 (decimal 370)
   defining Unicode char U+0173 (decimal 371)
   defining Unicode char U+0174 (decimal 372)
   defining Unicode char U+0175 (decimal 373)
   defining Unicode char U+0176 (decimal 374)
   defining Unicode char U+0177 (decimal 375)
   defining Unicode char U+0178 (decimal 376)
   defining Unicode char U+0179 (decimal 377)
   defining Unicode char U+017A (decimal 378)
   defining Unicode char U+017B (decimal 379)
   defining Unicode char U+017C (decimal 380)
   defining Unicode char U+017D (decimal 381)
   defining Unicode char U+017E (decimal 382)
   defining Unicode char U+01CD (decimal 461)
   defining Unicode char U+01CE (decimal 462)
   defining Unicode char U+01CF (decimal 463)
   defining Unicode char U+01D0 (decimal 464)
   defining Unicode char U+01D1 (decimal 465)
   defining Unicode char U+01D2 (decimal 466)
   defining Unicode char U+01D3 (decimal 467)
   defining Unicode char U+01D4 (decimal 468)
   defining Unicode char U+01E2 (decimal 482)
   defining Unicode char U+01E3 (decimal 483)
   defining Unicode char U+01E6 (decimal 486)
   defining Unicode char U+01E7 (decimal 487)
   defining Unicode char U+01E8 (decimal 488)
   defining Unicode char U+01E9 (decimal 489)
   defining Unicode char U+01EA (decimal 490)
   defining Unicode char U+01EB (decimal 491)
   defining Unicode char U+01F0 (decimal 496)
   defining Unicode char U+01F4 (decimal 500)
   defining Unicode char U+01F5 (decimal 501)
   defining Unicode char U+0218 (decimal 536)
   defining Unicode char U+0219 (decimal 537)
   defining Unicode char U+021A (decimal 538)
   defining Unicode char U+021B (decimal 539)
   defining Unicode char U+0232 (decimal 562)
   defining Unicode char U+0233 (decimal 563)
   defining Unicode char U+1E02 (decimal 7682)
   defining Unicode char U+1E03 (decimal 7683)
   defining Unicode char U+200C (decimal 8204)
   defining Unicode char U+2010 (decimal 8208)
   defining Unicode char U+2011 (decimal 8209)
   defining Unicode char U+2012 (decimal 8210)
   defining Unicode char U+2013 (decimal 8211)
   defining Unicode char U+2014 (decimal 8212)
   defining Unicode char U+2015 (decimal 8213)
   defining Unicode char U+2018 (decimal 8216)
   defining Unicode char U+2019 (decimal 8217)
   defining Unicode char U+201A (decimal 8218)
   defining Unicode char U+201C (decimal 8220)
   defining Unicode char U+201D (decimal 8221)
   defining Unicode char U+201E (decimal 8222)
   defining Unicode char U+2030 (decimal 8240)
   defining Unicode char U+2031 (decimal 8241)
   defining Unicode char U+2039 (decimal 8249)
   defining Unicode char U+203A (decimal 8250)
   defining Unicode char U+2423 (decimal 9251)
   defining Unicode char U+1E20 (decimal 7712)
   defining Unicode char U+1E21 (decimal 7713)
)
Now handling font encoding OT1 ...
... processing UTF-8 mapping file for font encoding OT1

(/usr/share/texlive/texmf-dist/tex/latex/base/ot1enc.dfu
File: ot1enc.dfu 2017/01/28 v1.1t UTF-8 support for inputenc
   defining Unicode char U+00A0 (decimal 160)
   defining Unicode char U+00A1 (decimal 161)
   defining Unicode char U+00A3 (decimal 163)
   defining Unicode char U+00AD (decimal 173)
   defining Unicode char U+00B8 (decimal 184)
   defining Unicode char U+00BF (decimal 191)
   defining Unicode char U+00C5 (decimal 197)
   defining Unicode char U+00C6 (decimal 198)
   defining Unicode char U+00D8 (decimal 216)
   defining Unicode char U+00DF (decimal 223)
   defining Unicode char U+00E6 (decimal 230)
   defining Unicode char U+00EC (decimal 236)
   defining Unicode char U+00ED (decimal 237)
   defining Unicode char U+00EE (decimal 238)
   defining Unicode char U+00EF (decimal 239)
   defining Unicode char U+00F8 (decimal 248)
   defining Unicode char U+0131 (decimal 305)
   defining Unicode char U+0141 (decimal 321)
   defining Unicode char U+0142 (decimal 322)
   defining Unicode char U+0152 (decimal 338)
   defining Unicode char U+0153 (decimal 339)
   defining Unicode char U+0174 (decimal 372)
   defining Unicode char U+0175 (decimal 373)
   defining Unicode char U+0176 (decimal 374)
   defining Unicode char U+0177 (decimal 375)
   defining Unicode char U+0218 (decimal 536)
   defining Unicode char U+0219 (decimal 537)
   defining Unicode char U+021A (decimal 538)
   defining Unicode char U+021B (decimal 539)
   defining Unicode char U+2013 (decimal 8211)
   defining Unicode char U+2014 (decimal 8212)
   defining Unicode char U+2018 (decimal 8216)
   defining Unicode char U+2019 (decimal 8217)
   defining Unicode char U+201C (decimal 8220)
   defining Unicode char U+201D (decimal 8221)
)
Now handling font encoding OMS ...
... processing UTF-8 mapping file for font encoding OMS

(/usr/share/texlive/texmf-dist/tex/latex/base/omsenc.dfu
File: omsenc.dfu 2017/01/28 v1.1t UTF-8 support for inputenc
   defining Unicode char U+00A7 (decimal 167)
   defining Unicode char U+00B6 (decimal 182)
   defining Unicode char U+00B7 (decimal 183)
   defining Unicode char U+2020 (decimal 8224)
   defining Unicode char U+2021 (decimal 8225)
   defining Unicode char U+2022 (decimal 8226)
)
Now handling font encoding OMX ...
... no UTF-8 mapping file for font encoding OMX
Now handling font encoding U ...
... no UTF-8 mapping file for font encoding U
Now handling font encoding PD1 ...
... no UTF-8 mapping file for font encoding PD1
   defining Unicode char U+00A9 (decimal 169)
   defining Unicode char U+00AA (decimal 170)
   defining Unicode char U+00AE (decimal 174)
   defining Unicode char U+00BA (decimal 186)
   defining Unicode char U+02C6 (decimal 710)
   defining Unicode char U+02DC (decimal 732)
   defining Unicode char U+200C (decimal 8204)
   defining Unicode char U+2026 (decimal 8230)
   defining Unicode char U+2122 (decimal 8482)
   defining Unicode char U+2423 (decimal 9251)
))
(/usr/share/texlive/texmf-dist/tex/latex/lastpage/lastpage.sty
Package: lastpage 2015/03/29 v1.2m Refers to last page's name (HMM; JPG)
)
(/usr/share/texlive/texmf-dist/tex/latex/tools/indentfirst.sty
Package: indentfirst 1995/11/23 v1.03 Indent first paragraph (DPC)
)
(/usr/share/texlive/texmf-dist/tex/latex/graphics/color.sty
Package: color 2016/07/10 v1.1e Standard LaTeX Color (DPC)

(/usr/share/texlive/texmf-dist/tex/latex/graphics-cfg/color.cfg
File: color.cfg 2016/01/02 v1.6 sample color configuration
)
Package color Info: Driver file: pdftex.def on input line 147.

(/usr/share/texlive/texmf-dist/tex/latex/graphics-def/pdftex.def
File: pdftex.def 2017/06/24 v1.0g Graphics/color driver for pdftex
))
(/usr/share/texlive/texmf-dist/tex/latex/graphics/graphicx.sty
Package: graphicx 2017/06/01 v1.1a Enhanced LaTeX Graphics (DPC,SPQR)

(/usr/share/texlive/texmf-dist/tex/latex/graphics/graphics.sty
Package: graphics 2017/06/25 v1.2c Standard LaTeX Graphics (DPC,SPQR)

(/usr/share/texlive/texmf-dist/tex/latex/graphics/trig.sty
Package: trig 2016/01/03 v1.10 sin cos tan (DPC)
)
(/usr/share/texlive/texmf-dist/tex/latex/graphics-cfg/graphics.cfg
File: graphics.cfg 2016/06/04 v1.11 sample graphics configuration
)
Package graphics Info: Driver file: pdftex.def on input line 99.
)
\Gin@req@height=\dimen157
\Gin@req@width=\dimen158
)
(/usr/share/texlive/texmf-dist/tex/latex/units/units.sty
Package: units 1998/08/04 v0.9b Typesetting units

(/usr/share/texlive/texmf-dist/tex/latex/units/nicefrac.sty
Package: nicefrac 1998/08/04 v0.9b Nice fractions
\L@UnitsRaiseDisplaystyle=\skip262
\L@UnitsRaiseTextstyle=\skip263
\L@UnitsRaiseScriptstyle=\skip264
))
(/usr/share/texlive/texmf-dist/tex/latex/hyperref/backref.sty
Package: backref 2016/05/21 v1.39 Bibliographical back referencing
)
(/usr/share/texlive/texmf-dist/tex/latex/abntex2/abntex2cite.sty
Package: abntex2cite 2016/02/26 v-1.9.6 abnTeX2

(/usr/share/texlive/texmf-dist/tex/latex/abntex2/abntex2abrev.sty)
\minimumbiblabelwidth=\skip265
\ABCIauxlen=\skip266
\c@ABCIaux=\count171
\c@ABCImax=\count172

(/usr/share/texlive/texmf-dist/tex/latex/relsize/relsize.sty
Package: relsize 2013/03/29 ver 4.1
)
\biblabelsep=\skip267
LaTeX Info: Redefining \newblock on input line 591.
LaTeX Info: Redefining \cite on input line 618.
\ABCItoken=\toks31
)
(/usr/share/texlive/texmf-dist/tex/latex/bold-extra/bold-extra.sty
Package: bold-extra 2001/11/13 v0.1 Use fonts from cm/mf-extra/bold
)
(/usr/share/texlive/texmf-dist/tex/latex/eso-pic/eso-pic.sty
Package: eso-pic 2015/07/21 v2.0g eso-pic (RN)
)
(/usr/share/texlive/texmf-dist/tex/latex/was/gensymb.sty
Package: gensymb 2003/07/02 v1.0 (WaS)
)
(/usr/share/texlive/texmf-dist/tex/latex/float/float.sty
Package: float 2001/11/08 v1.3d Float enhancements (AL)
\c@float@type=\count173
\float@exts=\toks32
\float@box=\box30
\@float@everytoks=\toks33
\@floatcapt=\box31
)
(/usr/share/texlive/texmf-dist/tex/latex/amsmath/amsmath.sty
Package: amsmath 2016/11/05 v2.16a AMS math features
\@mathmargin=\skip268

For additional information on amsmath, use the `?' option.
(/usr/share/texlive/texmf-dist/tex/latex/amsmath/amstext.sty
Package: amstext 2000/06/29 v2.01 AMS text

(/usr/share/texlive/texmf-dist/tex/latex/amsmath/amsgen.sty
File: amsgen.sty 1999/11/30 v2.0 generic functions
\@emptytoks=\toks34
\ex@=\dimen159
))
(/usr/share/texlive/texmf-dist/tex/latex/amsmath/amsbsy.sty
Package: amsbsy 1999/11/29 v1.2d Bold Symbols
\pmbraise@=\dimen160
)
(/usr/share/texlive/texmf-dist/tex/latex/amsmath/amsopn.sty
Package: amsopn 2016/03/08 v2.02 operator names
)
\inf@bad=\count174
LaTeX Info: Redefining \frac on input line 213.
\uproot@=\count175
\leftroot@=\count176
LaTeX Info: Redefining \overline on input line 375.
\classnum@=\count177
\DOTSCASE@=\count178
LaTeX Info: Redefining \ldots on input line 472.
LaTeX Info: Redefining \dots on input line 475.
LaTeX Info: Redefining \cdots on input line 596.
\Mathstrutbox@=\box32
\strutbox@=\box33
\big@size=\dimen161
LaTeX Font Info:    Redeclaring font encoding OML on input line 712.
LaTeX Font Info:    Redeclaring font encoding OMS on input line 713.
\macc@depth=\count179
\c@MaxMatrixCols=\count180
\dotsspace@=\muskip11
\c@parentequation=\count181
\dspbrk@lvl=\count182
\tag@help=\toks35
\row@=\count183
\column@=\count184
\maxfields@=\count185
\andhelp@=\toks36
\eqnshift@=\dimen162
\alignsep@=\dimen163
\tagshift@=\dimen164
\tagwidth@=\dimen165
\totwidth@=\dimen166
\lineht@=\dimen167
\@envbody=\toks37
\multlinegap=\skip269
\multlinetaggap=\skip270
\mathdisplay@stack=\toks38
LaTeX Info: Redefining \[ on input line 2817.
LaTeX Info: Redefining \] on input line 2818.
)
(/usr/share/texlive/texmf-dist/tex/latex/amscls/amsthm.sty
Package: amsthm 2015/03/04 v2.20.2
\thm@style=\toks39
\thm@bodyfont=\toks40
\thm@headfont=\toks41
\thm@notefont=\toks42
\thm@headpunct=\toks43
\thm@preskip=\skip271
\thm@postskip=\skip272
\thm@headsep=\skip273
\dth@everypar=\toks44
)
(/usr/share/texlive/texmf-dist/tex/latex/amsfonts/amssymb.sty
Package: amssymb 2013/01/14 v3.01 AMS font symbols

(/usr/share/texlive/texmf-dist/tex/latex/amsfonts/amsfonts.sty
Package: amsfonts 2013/01/14 v3.01 Basic AMSFonts support
\symAMSa=\mathgroup4
\symAMSb=\mathgroup5
LaTeX Font Info:    Overwriting math alphabet `\mathfrak' in version `bold'
(Font)                  U/euf/m/n --> U/euf/b/n on input line 106.
))
(/usr/share/texlive/texmf-dist/tex/latex/footmisc/footmisc.sty
Package: footmisc 2011/06/06 v5.5b a miscellany of footnote facilities
\FN@temptoken=\toks45
\footnotemargin=\dimen168


LaTeX Warning: Command \@makecol  has changed.
               Check if current package is valid.

\c@pp@next@reset=\count186
Package footmisc Info: Declaring symbol style bringhurst on input line 855.
Package footmisc Info: Declaring symbol style chicago on input line 863.
Package footmisc Info: Declaring symbol style wiley on input line 872.
Package footmisc Info: Declaring symbol style lamport-robust on input line 883.

Package footmisc Info: Declaring symbol style lamport* on input line 903.
Package footmisc Info: Declaring symbol style lamport*-robust on input line 924
.
) (/usr/share/texlive/texmf-dist/tex/latex/xcolor/xcolor.sty
Package: xcolor 2016/05/11 v2.12 LaTeX color extensions (UK)

(/usr/share/texlive/texmf-dist/tex/latex/graphics-cfg/color.cfg
File: color.cfg 2016/01/02 v1.6 sample color configuration
)
Package xcolor Info: Driver file: pdftex.def on input line 225.

(/usr/share/texlive/texmf-dist/tex/latex/colortbl/colortbl.sty
Package: colortbl 2012/02/13 v1.0a Color table columns (DPC)
\everycr=\toks46
\minrowclearance=\skip274
)
LaTeX Info: Redefining \color on input line 709.
\rownum=\count187
Package xcolor Info: Model `cmy' substituted by `cmy0' on input line 1348.
Package xcolor Info: Model `hsb' substituted by `rgb' on input line 1352.
Package xcolor Info: Model `RGB' extended on input line 1364.
Package xcolor Info: Model `HTML' substituted by `rgb' on input line 1366.
Package xcolor Info: Model `Hsb' substituted by `hsb' on input line 1367.
Package xcolor Info: Model `tHsb' substituted by `hsb' on input line 1368.
Package xcolor Info: Model `HSB' substituted by `hsb' on input line 1369.
Package xcolor Info: Model `Gray' substituted by `gray' on input line 1370.
Package xcolor Info: Model `wave' substituted by `hsb' on input line 1371.
)
(/usr/share/texlive/texmf-dist/tex/latex/tools/longtable.sty
Package: longtable 2014/10/28 v4.11 Multi-page Table package (DPC)
\LTleft=\skip275
\LTright=\skip276
\LTpre=\skip277
\LTpost=\skip278
\LTchunksize=\count188
\LTcapwidth=\dimen169
\LT@head=\box34
\LT@firsthead=\box35
\LT@foot=\box36
\LT@lastfoot=\box37
\LT@cols=\count189
\LT@rows=\count190
\c@LT@tables=\count191
\c@LT@chunks=\count192
\LT@p@ftn=\toks47
)
(/usr/share/texlive/texmf-dist/tex/latex/base/textcomp.sty
Package: textcomp 2017/04/05 v2.0i Standard LaTeX package
Package textcomp Info: Sub-encoding information:
(textcomp)               5 = only ISO-Adobe without \textcurrency
(textcomp)               4 = 5 + \texteuro
(textcomp)               3 = 4 + \textohm
(textcomp)               2 = 3 + \textestimated + \textcurrency
(textcomp)               1 = TS1 - \textcircled - \t
(textcomp)               0 = TS1 (full)
(textcomp)             Font families with sub-encoding setting implement
(textcomp)             only a restricted character set as indicated.
(textcomp)             Family '?' is the default used for unknown fonts.
(textcomp)             See the documentation for details.
Package textcomp Info: Setting ? sub-encoding to TS1/1 on input line 79.

(/usr/share/texlive/texmf-dist/tex/latex/base/ts1enc.def
File: ts1enc.def 2001/06/05 v3.0e (jk/car/fm) Standard LaTeX file
Now handling font encoding TS1 ...
... processing UTF-8 mapping file for font encoding TS1

(/usr/share/texlive/texmf-dist/tex/latex/base/ts1enc.dfu
File: ts1enc.dfu 2017/01/28 v1.1t UTF-8 support for inputenc
   defining Unicode char U+00A2 (decimal 162)
   defining Unicode char U+00A3 (decimal 163)
   defining Unicode char U+00A4 (decimal 164)
   defining Unicode char U+00A5 (decimal 165)
   defining Unicode char U+00A6 (decimal 166)
   defining Unicode char U+00A7 (decimal 167)
   defining Unicode char U+00A8 (decimal 168)
   defining Unicode char U+00A9 (decimal 169)
   defining Unicode char U+00AA (decimal 170)
   defining Unicode char U+00AC (decimal 172)
   defining Unicode char U+00AE (decimal 174)
   defining Unicode char U+00AF (decimal 175)
   defining Unicode char U+00B0 (decimal 176)
   defining Unicode char U+00B1 (decimal 177)
   defining Unicode char U+00B2 (decimal 178)
   defining Unicode char U+00B3 (decimal 179)
   defining Unicode char U+00B4 (decimal 180)
   defining Unicode char U+00B5 (decimal 181)
   defining Unicode char U+00B6 (decimal 182)
   defining Unicode char U+00B7 (decimal 183)
   defining Unicode char U+00B9 (decimal 185)
   defining Unicode char U+00BA (decimal 186)
   defining Unicode char U+00BC (decimal 188)
   defining Unicode char U+00BD (decimal 189)
   defining Unicode char U+00BE (decimal 190)
   defining Unicode char U+00D7 (decimal 215)
   defining Unicode char U+00F7 (decimal 247)
   defining Unicode char U+0192 (decimal 402)
   defining Unicode char U+02C7 (decimal 711)
   defining Unicode char U+02D8 (decimal 728)
   defining Unicode char U+02DD (decimal 733)
   defining Unicode char U+0E3F (decimal 3647)
   defining Unicode char U+2016 (decimal 8214)
   defining Unicode char U+2020 (decimal 8224)
   defining Unicode char U+2021 (decimal 8225)
   defining Unicode char U+2022 (decimal 8226)
   defining Unicode char U+2030 (decimal 8240)
   defining Unicode char U+2031 (decimal 8241)
   defining Unicode char U+203B (decimal 8251)
   defining Unicode char U+203D (decimal 8253)
   defining Unicode char U+2044 (decimal 8260)
   defining Unicode char U+204E (decimal 8270)
   defining Unicode char U+2052 (decimal 8274)
   defining Unicode char U+20A1 (decimal 8353)
   defining Unicode char U+20A4 (decimal 8356)
   defining Unicode char U+20A6 (decimal 8358)
   defining Unicode char U+20A9 (decimal 8361)
   defining Unicode char U+20AB (decimal 8363)
   defining Unicode char U+20AC (decimal 8364)
   defining Unicode char U+20B1 (decimal 8369)
   defining Unicode char U+2103 (decimal 8451)
   defining Unicode char U+2116 (decimal 8470)
   defining Unicode char U+2117 (decimal 8471)
   defining Unicode char U+211E (decimal 8478)
   defining Unicode char U+2120 (decimal 8480)
   defining Unicode char U+2122 (decimal 8482)
   defining Unicode char U+2126 (decimal 8486)
   defining Unicode char U+2127 (decimal 8487)
   defining Unicode char U+212E (decimal 8494)
   defining Unicode char U+2190 (decimal 8592)
   defining Unicode char U+2191 (decimal 8593)
   defining Unicode char U+2192 (decimal 8594)
   defining Unicode char U+2193 (decimal 8595)
   defining Unicode char U+2329 (decimal 9001)
   defining Unicode char U+232A (decimal 9002)
   defining Unicode char U+2422 (decimal 9250)
   defining Unicode char U+25E6 (decimal 9702)
   defining Unicode char U+25EF (decimal 9711)
   defining Unicode char U+266A (decimal 9834)
))
LaTeX Info: Redefining \oldstylenums on input line 334.
Package textcomp Info: Setting cmr sub-encoding to TS1/0 on input line 349.
Package textcomp Info: Setting cmss sub-encoding to TS1/0 on input line 350.
Package textcomp Info: Setting cmtt sub-encoding to TS1/0 on input line 351.
Package textcomp Info: Setting cmvtt sub-encoding to TS1/0 on input line 352.
Package textcomp Info: Setting cmbr sub-encoding to TS1/0 on input line 353.
Package textcomp Info: Setting cmtl sub-encoding to TS1/0 on input line 354.
Package textcomp Info: Setting ccr sub-encoding to TS1/0 on input line 355.
Package textcomp Info: Setting ptm sub-encoding to TS1/4 on input line 356.
Package textcomp Info: Setting pcr sub-encoding to TS1/4 on input line 357.
Package textcomp Info: Setting phv sub-encoding to TS1/4 on input line 358.
Package textcomp Info: Setting ppl sub-encoding to TS1/3 on input line 359.
Package textcomp Info: Setting pag sub-encoding to TS1/4 on input line 360.
Package textcomp Info: Setting pbk sub-encoding to TS1/4 on input line 361.
Package textcomp Info: Setting pnc sub-encoding to TS1/4 on input line 362.
Package textcomp Info: Setting pzc sub-encoding to TS1/4 on input line 363.
Package textcomp Info: Setting bch sub-encoding to TS1/4 on input line 364.
Package textcomp Info: Setting put sub-encoding to TS1/5 on input line 365.
Package textcomp Info: Setting uag sub-encoding to TS1/5 on input line 366.
Package textcomp Info: Setting ugq sub-encoding to TS1/5 on input line 367.
Package textcomp Info: Setting ul8 sub-encoding to TS1/4 on input line 368.
Package textcomp Info: Setting ul9 sub-encoding to TS1/4 on input line 369.
Package textcomp Info: Setting augie sub-encoding to TS1/5 on input line 370.
Package textcomp Info: Setting dayrom sub-encoding to TS1/3 on input line 371.
Package textcomp Info: Setting dayroms sub-encoding to TS1/3 on input line 372.

Package textcomp Info: Setting pxr sub-encoding to TS1/0 on input line 373.
Package textcomp Info: Setting pxss sub-encoding to TS1/0 on input line 374.
Package textcomp Info: Setting pxtt sub-encoding to TS1/0 on input line 375.
Package textcomp Info: Setting txr sub-encoding to TS1/0 on input line 376.
Package textcomp Info: Setting txss sub-encoding to TS1/0 on input line 377.
Package textcomp Info: Setting txtt sub-encoding to TS1/0 on input line 378.
Package textcomp Info: Setting lmr sub-encoding to TS1/0 on input line 379.
Package textcomp Info: Setting lmdh sub-encoding to TS1/0 on input line 380.
Package textcomp Info: Setting lmss sub-encoding to TS1/0 on input line 381.
Package textcomp Info: Setting lmssq sub-encoding to TS1/0 on input line 382.
Package textcomp Info: Setting lmvtt sub-encoding to TS1/0 on input line 383.
Package textcomp Info: Setting lmtt sub-encoding to TS1/0 on input line 384.
Package textcomp Info: Setting qhv sub-encoding to TS1/0 on input line 385.
Package textcomp Info: Setting qag sub-encoding to TS1/0 on input line 386.
Package textcomp Info: Setting qbk sub-encoding to TS1/0 on input line 387.
Package textcomp Info: Setting qcr sub-encoding to TS1/0 on input line 388.
Package textcomp Info: Setting qcs sub-encoding to TS1/0 on input line 389.
Package textcomp Info: Setting qpl sub-encoding to TS1/0 on input line 390.
Package textcomp Info: Setting qtm sub-encoding to TS1/0 on input line 391.
Package textcomp Info: Setting qzc sub-encoding to TS1/0 on input line 392.
Package textcomp Info: Setting qhvc sub-encoding to TS1/0 on input line 393.
Package textcomp Info: Setting futs sub-encoding to TS1/4 on input line 394.
Package textcomp Info: Setting futx sub-encoding to TS1/4 on input line 395.
Package textcomp Info: Setting futj sub-encoding to TS1/4 on input line 396.
Package textcomp Info: Setting hlh sub-encoding to TS1/3 on input line 397.
Package textcomp Info: Setting hls sub-encoding to TS1/3 on input line 398.
Package textcomp Info: Setting hlst sub-encoding to TS1/3 on input line 399.
Package textcomp Info: Setting hlct sub-encoding to TS1/5 on input line 400.
Package textcomp Info: Setting hlx sub-encoding to TS1/5 on input line 401.
Package textcomp Info: Setting hlce sub-encoding to TS1/5 on input line 402.
Package textcomp Info: Setting hlcn sub-encoding to TS1/5 on input line 403.
Package textcomp Info: Setting hlcw sub-encoding to TS1/5 on input line 404.
Package textcomp Info: Setting hlcf sub-encoding to TS1/5 on input line 405.
Package textcomp Info: Setting pplx sub-encoding to TS1/3 on input line 406.
Package textcomp Info: Setting pplj sub-encoding to TS1/3 on input line 407.
Package textcomp Info: Setting ptmx sub-encoding to TS1/4 on input line 408.
Package textcomp Info: Setting ptmj sub-encoding to TS1/4 on input line 409.
)
(/usr/share/texlive/texmf-dist/tex/latex/multirow/multirow.sty
Package: multirow 2016/11/25 v2.2 Span multiple rows of a table
\multirow@colwidth=\skip279
\multirow@cntb=\count193
\multirow@dima=\skip280
\bigstrutjot=\dimen170
))
(/usr/share/texlive/texmf-dist/tex/generic/ulem/ulem.sty
\UL@box=\box38
\UL@hyphenbox=\box39
\UL@skip=\skip281
\UL@hook=\toks48
\UL@height=\dimen171
\UL@pe=\count194
\UL@pixel=\dimen172
\ULC@box=\box40
Package: ulem 2012/05/18
\ULdepth=\dimen173
) (./fixos/comandos.tex) (./fixos/novosComandos.tex) (./editaveis/informacoes.t
ex) (./index.aux

LaTeX Warning: Label `cronograma_2' multiply defined.

)
\openout1 = `index.aux'.

LaTeX Font Info:    Checking defaults for OML/cmm/m/it on input line 7.
LaTeX Font Info:    ... okay on input line 7.
LaTeX Font Info:    Checking defaults for T1/cmr/m/n on input line 7.
LaTeX Font Info:    ... okay on input line 7.
LaTeX Font Info:    Checking defaults for OT1/cmr/m/n on input line 7.
LaTeX Font Info:    ... okay on input line 7.
LaTeX Font Info:    Checking defaults for OMS/cmsy/m/n on input line 7.
LaTeX Font Info:    ... okay on input line 7.
LaTeX Font Info:    Checking defaults for OMX/cmex/m/n on input line 7.
LaTeX Font Info:    ... okay on input line 7.
LaTeX Font Info:    Checking defaults for U/cmr/m/n on input line 7.
LaTeX Font Info:    ... okay on input line 7.
LaTeX Font Info:    Checking defaults for PD1/pdf/m/n on input line 7.
LaTeX Font Info:    ... okay on input line 7.
LaTeX Font Info:    Checking defaults for TS1/cmr/m/n on input line 7.
LaTeX Font Info:    Try loading font information for TS1+cmr on input line 7.
 (/usr/share/texlive/texmf-dist/tex/latex/base/ts1cmr.fd
File: ts1cmr.fd 2014/09/29 v2.5h Standard LaTeX font definitions
)
LaTeX Font Info:    ... okay on input line 7.
LaTeX Font Info:    Try loading font information for T1+lmr on input line 7.

(/usr/share/texmf/tex/latex/lm/t1lmr.fd
File: t1lmr.fd 2009/10/30 v1.6 Font defs for Latin Modern
)
\AtBeginShipoutBox=\box41
Package hyperref Info: Link coloring OFF on input line 7.

(/usr/share/texlive/texmf-dist/tex/latex/hyperref/nameref.sty
Package: nameref 2016/05/21 v2.44 Cross-referencing by name of section

(/usr/share/texlive/texmf-dist/tex/generic/oberdiek/gettitlestring.sty
Package: gettitlestring 2016/05/16 v1.5 Cleanup title references (HO)
)
\c@section@level=\count266
)
Redoing nameref's sectioning
Redoing nameref's label
LaTeX Info: Redefining \nameref on input line 7.
LaTeX Info: Redefining \ref on input line 7.
LaTeX Info: Redefining \pageref on input line 7.
LaTeX Info: Redefining \nameref on input line 7.
LaTeX Info: Redefining \degres on input line 7.
LaTeX Info: Redefining \dots on input line 7.
LaTeX Info: Redefining \up on input line 7.
\myptabbox=\box42
\myptabboxwidth=\skip282
Package lastpage Info: Please have a look at the pageslts package at
(lastpage)             https://www.ctan.org/pkg/pageslts
(lastpage)             ! on input line 7.
(/usr/share/texlive/texmf-dist/tex/context/base/mkii/supp-pdf.mkii
[Loading MPS to PDF converter (version 2006.09.02).]
\scratchcounter=\count267
\scratchdimen=\dimen174
\scratchbox=\box43
\nofMPsegments=\count268
\nofMParguments=\count269
\everyMPshowfont=\toks49
\MPscratchCnt=\count270
\MPscratchDim=\dimen175
\MPnumerator=\count271
\makeMPintoPDFobject=\count272
\everyMPtoPDFconversion=\toks50
) (/usr/share/texlive/texmf-dist/tex/latex/oberdiek/epstopdf-base.sty
Package: epstopdf-base 2016/05/15 v2.6 Base part for package epstopdf

(/usr/share/texlive/texmf-dist/tex/latex/oberdiek/grfext.sty
Package: grfext 2016/05/16 v1.2 Manage graphics extensions (HO)
)
Package epstopdf-base Info: Redefining graphics rule for `.eps' on input line 4
38.
Package grfext Info: Graphics extension search list:
(grfext)             [.pdf,.png,.jpg,.mps,.jpeg,.jbig2,.jb2,.PDF,.PNG,.JPG,.JPE
G,.JBIG2,.JB2,.eps]
(grfext)             \AppendGraphicsExtensions on input line 456.

(/usr/share/texlive/texmf-dist/tex/latex/latexconfig/epstopdf-sys.cfg
File: epstopdf-sys.cfg 2010/07/13 v1.3 Configuration of (r)epstopdf for TeX Liv
e
))
\symgns@font=\mathgroup6
LaTeX Font Info:    Overwriting symbol font `gns@font' in version `bold'
(Font)                  TS1/lmr/m/n --> TS1/lmr/bx/n on input line 7.
Package gensymb Info: Math companion symbols declared on input line 7.
LaTeX Info: Redefining \degree on input line 7.
LaTeX Info: Redefining \celsius on input line 7.
Package gensymb Info: Using text companion symbols for \degree, \celsius and \p
erthousand on input line 7.
LaTeX Info: Redefining \ohm on input line 7.
Package gensymb Info: Using \textohm for \ohm on input line 7.
Package gensymb Info: Using \textmu for \micro on input line 7.
LaTeX Font Info:    Try loading font information for T1+lmss on input line 10.

(/usr/share/texmf/tex/latex/lm/t1lmss.fd
File: t1lmss.fd 2009/10/30 v1.6 Font defs for Latin Modern
)
Package epstopdf Info: Source file: <figuras/capa.eps>
(epstopdf)                    date: 2018-05-08 20:27:43
(epstopdf)                    size: 649636 bytes
(epstopdf)             Output file: <figuras/capa-eps-converted-to.pdf>
(epstopdf)                    date: 2018-05-10 00:18:59
(epstopdf)                    size: 105943 bytes
(epstopdf)             Command: <repstopdf --outfile=figuras/capa-eps-converted
-to.pdf figuras/capa.eps>
(epstopdf)             \includegraphics on input line 10.
Package epstopdf Info: Output file is already uptodate.
<figuras/capa-eps-converted-to.pdf, id=5, pagebox=cropbox, 814.04124pt x 1150.2
975pt>
File: figuras/capa-eps-converted-to.pdf Graphic file (type pdf)
<use figuras/capa-eps-converted-to.pdf>
Package pdftex.def Info: figuras/capa-eps-converted-to.pdf  used on input line 
10. on input line 10.
Package pdftex.def Info: Requested size: 597.52437pt x 844.34396pt on input lin
e 10.
 [1{/var/lib/texmf/fonts/map/pdftex/updmap/pdftex.map}

 <./figuras/capa-eps-converted-to.pdf>] [2

]pdfTeX warning (ext4): destination with the same identifier (name{page.1}) has
 been already used, duplicate ignored
<to be read again> 
                   \relax 
l.12 
      [1


] (./fixos/listasAutomaticas.tex (./index.lof
LaTeX Font Info:    Try loading font information for OT1+lmr on input line 2.

(/usr/share/texmf/tex/latex/lm/ot1lmr.fd
File: ot1lmr.fd 2009/10/30 v1.6 Font defs for Latin Modern
)<<ot1.cmap>>
LaTeX Font Info:    Try loading font information for OML+lmm on input line 2.

(/usr/share/texmf/tex/latex/lm/omllmm.fd
File: omllmm.fd 2009/10/30 v1.6 Font defs for Latin Modern
)<<oml.cmap>>
LaTeX Font Info:    Try loading font information for OMS+lmsy on input line 2.

(/usr/share/texmf/tex/latex/lm/omslmsy.fd
File: omslmsy.fd 2009/10/30 v1.6 Font defs for Latin Modern
)<<oms.cmap>>
LaTeX Font Info:    Try loading font information for OMX+lmex on input line 2.

(/usr/share/texmf/tex/latex/lm/omxlmex.fd
File: omxlmex.fd 2009/10/30 v1.6 Font defs for Latin Modern
)
LaTeX Font Info:    External font `lmex10' loaded for size
(Font)              <12> on input line 2.
<<omx.cmap>>
LaTeX Font Info:    External font `lmex10' loaded for size
(Font)              <8> on input line 2.
LaTeX Font Info:    External font `lmex10' loaded for size
(Font)              <6> on input line 2.
LaTeX Font Info:    Try loading font information for U+msa on input line 2.

(/usr/share/texlive/texmf-dist/tex/latex/amsfonts/umsa.fd
File: umsa.fd 2013/01/14 v3.01 AMS symbols A
)
LaTeX Font Info:    Try loading font information for U+msb on input line 2.

(/usr/share/texlive/texmf-dist/tex/latex/amsfonts/umsb.fd
File: umsb.fd 2013/01/14 v3.01 AMS symbols B
)
LaTeX Font Info:    Try loading font information for TS1+lmr on input line 2.

(/usr/share/texmf/tex/latex/lm/ts1lmr.fd
File: ts1lmr.fd 2009/10/30 v1.6 Font defs for Latin Modern
)pdfTeX warning (ext4): destination with the same identifier (name{page.2}) has
 been already used, duplicate ignored
<to be read again> 
                   \relax 
l.29 ... Ponte H confeccionada.}}{47}{figure.3.28}
                                                   [2]) [3] [4

] (./index.lot)
[5] [6

]) (./fixos/indiceAutomatico.tex (./index.toc [7] [8]) [9] [10

])
(./editaveis/introducao.tex [11

] [12] [13] [14]

pdfTeX warning: /usr/bin/pdflatex (file ./figuras/eap.pdf): PDF inclusion: foun
d PDF version <1.7>, but at most version <1.5> allowed
<figuras/eap.pdf, id=389, pagebox=cropbox, 597.23125pt x 845.1575pt>
File: figuras/eap.pdf Graphic file (type pdf)
<use figuras/eap.pdf>
Package pdftex.def Info: figuras/eap.pdf  used on input line 163. on input line
 163.
Package pdftex.def Info: Requested size: 426.79134pt x 603.97353pt on input lin
e 163.
[15] [16pdfTeX warning (ext4): destination with the same identifier (name{figur
e.1.1}) has been already used, duplicate ignored

\AtBegShi@Output ...ipout \box \AtBeginShipoutBox 
                                                  \fi \fi 
l.170 
       <./figuras/eap.pdf>]
<figuras/cronograma_1.png, id=425, 1217.54875pt x 1157.32375pt>
File: figuras/cronograma_1.png Graphic file (type png)
<use figuras/cronograma_1.png>
Package pdftex.def Info: figuras/cronograma_1.png  used on input line 179. on i
nput line 179.
Package pdftex.def Info: Requested size: 455.24408pt x 432.72386pt on input lin
e 179.
 [17]
<figuras/cronograma_2.png, id=431, 1145.27875pt x 888.31876pt>
File: figuras/cronograma_2.png Graphic file (type png)
<use figuras/cronograma_2.png>
Package pdftex.def Info: figuras/cronograma_2.png  used on input line 185. on i
nput line 185.
Package pdftex.def Info: Requested size: 455.24408pt x 353.09825pt on input lin
e 185.
 [18pdfTeX warning (ext4): destination with the same identifier (name{figure.1.
2}) has been already used, duplicate ignored

\AtBegShi@Output ...ipout \box \AtBeginShipoutBox 
                                                  \fi \fi 
l.188 
       <./figuras/cronograma_1.png>]
<figuras/cronograma_3.png, id=436, 1281.78876pt x 857.2025pt>
File: figuras/cronograma_3.png Graphic file (type png)
<use figuras/cronograma_3.png>
Package pdftex.def Info: figuras/cronograma_3.png  used on input line 191. on i
nput line 191.
Package pdftex.def Info: Requested size: 455.24408pt x 304.44635pt on input lin
e 191.
 [19pdfTeX warning (ext4): destination with the same identifier (name{figure.1.
3}) has been already used, duplicate ignored

\AtBegShi@Output ...ipout \box \AtBeginShipoutBox 
                                                  \fi \fi 
l.194 
       <./figuras/cronograma_2.png>] [20pdfTeX warning (ext4): destination with
 the same identifier (name{figure.1.4}) has been already used, duplicate ignore
d

\AtBegShi@Output ...ipout \box \AtBeginShipoutBox 
                                                  \fi \fi 
l.209 
       <./figuras/cronograma_3.png>]
<figuras/riscos.png, id=445, 198.7425pt x 194.7275pt>
File: figuras/riscos.png Graphic file (type png)
<use figuras/riscos.png>
Package pdftex.def Info: figuras/riscos.png  used on input line 224. on input l
ine 224.
Package pdftex.def Info: Requested size: 113.81102pt x 111.5158pt on input line
 224.


LaTeX Warning: No positions in optional float specifier.
               Default added (so using `tbp') on input line 229.

[21pdfTeX warning (ext4): destination with the same identifier (name{figure.1.5
}) has been already used, duplicate ignored

\AtBegShi@Output ...ipout \box \AtBeginShipoutBox 
                                                  \fi \fi 
l.249 \end{table}
                  <./figuras/riscos.png (PNG copy)>] [22pdfTeX warning (ext4): 
destination with the same identifier (name{table.1.1}) has been already used, d
uplicate ignored

\AtBegShi@Output ...ipout \box \AtBeginShipoutBox 
                                                  \fi \fi 
l.271 
      ] [23] [24]
<figuras/cronograma_estrutura.png, id=463, 1356.06625pt x 675.52374pt>
File: figuras/cronograma_estrutura.png Graphic file (type png)
<use figuras/cronograma_estrutura.png>
Package pdftex.def Info: figuras/cronograma_estrutura.png  used on input line 3
35. on input line 335.
Package pdftex.def Info: Requested size: 483.69684pt x 240.9516pt on input line
 335.

Overfull \hbox (28.69684pt too wide) in paragraph at lines 335--336
 [][] 
 []

<figuras/fase_2.png, id=464, 973.6375pt x 469.755pt>
File: figuras/fase_2.png Graphic file (type png)
<use figuras/fase_2.png>
Package pdftex.def Info: figuras/fase_2.png  used on input line 341. on input l
ine 341.
Package pdftex.def Info: Requested size: 483.69684pt x 233.37167pt on input lin
e 341.

Overfull \hbox (28.69684pt too wide) in paragraph at lines 341--342
 [][] 
 []

[25pdfTeX warning (ext4): destination with the same identifier (name{figure.1.6
}) has been already used, duplicate ignored

\AtBegShi@Output ...ipout \box \AtBeginShipoutBox 
                                                  \fi \fi 
l.345 
       <./figuras/cronograma_estrutura.png (PNG copy)>]
<figuras/fase_3.png, id=470, 831.105pt x 1156.32pt>
File: figuras/fase_3.png Graphic file (type png)
<use figuras/fase_3.png>
Package pdftex.def Info: figuras/fase_3.png  used on input line 354. on input l
ine 354.
Package pdftex.def Info: Requested size: 483.69684pt x 672.9598pt on input line
 354.

Overfull \hbox (28.69684pt too wide) in paragraph at lines 354--355
 [][] 
 []

[26pdfTeX warning (ext4): destination with the same identifier (name{figure.1.7
}) has been already used, duplicate ignored

\AtBegShi@Output ...ipout \box \AtBeginShipoutBox 
                                                  \fi \fi 
l.358 
       <./figuras/fase_2.png>]
Overfull \vbox (10.7931pt too high) has occurred while \output is active []


[27pdfTeX warning (ext4): destination with the same identifier (name{figure.1.8
}) has been already used, duplicate ignored

\AtBegShi@Output ...ipout \box \AtBeginShipoutBox 
                                                  \fi \fi 
l.358 
       <./figuras/fase_3.png>]
<figuras/fase_4.png, id=482, 1002.74625pt x 459.7175pt>
File: figuras/fase_4.png Graphic file (type png)
<use figuras/fase_4.png>
Package pdftex.def Info: figuras/fase_4.png  used on input line 371. on input l
ine 371.
Package pdftex.def Info: Requested size: 483.69684pt x 221.75618pt on input lin
e 371.

Overfull \hbox (28.69684pt too wide) in paragraph at lines 371--372
 [][] 
 []

) (./editaveis/fundamentacao.tex [28pdfTeX warning (ext4): destination with the
 same identifier (name{figure.1.9}) has been already used, duplicate ignored

\AtBegShi@Output ...ipout \box \AtBeginShipoutBox 
                                                  \fi \fi 
l.1 \chapter
            [Referencial Terico]{Referencial Terico} <./figuras/fase_4.png>
] (./editaveis/fundamentacao_eletronica.tex [29

]
<figuras/rele.png, id=493, 322.20375pt x 249.93375pt>
File: figuras/rele.png Graphic file (type png)
<use figuras/rele.png>
Package pdftex.def Info: figuras/rele.png  used on input line 37. on input line
 37.
Package pdftex.def Info: Requested size: 142.26378pt x 110.35637pt on input lin
e 37.
 [30] [31pdfTeX warning (ext4): destination with the same identifier (name{figu
re.2.10}) has been already used, duplicate ignored

\AtBegShi@Output ...ipout \box \AtBeginShipoutBox 
                                                  \fi \fi 
l.51 
      <./figuras/rele.png>]
<figuras/circuito_sample.jpg, id=502, 481.8pt x 301.125pt>
File: figuras/circuito_sample.jpg Graphic file (type jpg)
<use figuras/circuito_sample.jpg>
Package pdftex.def Info: figuras/circuito_sample.jpg  used on input line 54. on
 input line 54.
Package pdftex.def Info: Requested size: 256.0748pt x 160.05037pt on input line
 54.
<figuras/saida_sample.png, id=503, 698.61pt x 417.56pt>
File: figuras/saida_sample.png Graphic file (type png)
<use figuras/saida_sample.png>
Package pdftex.def Info: figuras/saida_sample.png  used on input line 60. on in
put line 60.
Package pdftex.def Info: Requested size: 256.0748pt x 153.05482pt on input line
 60.
) (./editaveis/fundamentacao_energia.tex)
(./editaveis/fundamentacao_software.tex)
(./editaveis/fundamentacao_estrutura.tex [32pdfTeX warning (ext4): destination 
with the same identifier (name{figure.2.11}) has been already used, duplicate i
gnored

\AtBegShi@Output ...ipout \box \AtBeginShipoutBox 
                                                  \fi \fi 
l.10 
     pdfTeX warning (ext4): destination with the same identifier (name{figure.2
.12}) has been already used, duplicate ignored

\AtBegShi@Output ...ipout \box \AtBeginShipoutBox 
                                                  \fi \fi 
l.10 
      <./figuras/circuito_sample.jpg> <./figuras/saida_sample.png (PNG copy)>]
[33]
<figuras/tabela_frequencia.png, id=517, 812.03375pt x 507.39563pt>
File: figuras/tabela_frequencia.png Graphic file (type png)
<use figuras/tabela_frequencia.png>
Package pdftex.def Info: figuras/tabela_frequencia.png  used on input line 52. 
on input line 52.
Package pdftex.def Info: Requested size: 284.52756pt x 177.78468pt on input lin
e 52.
 [34pdfTeX warning (ext4): destination with the same identifier (name{figure.2.
13}) has been already used, duplicate ignored

\AtBegShi@Output ...ipout \box \AtBeginShipoutBox 
                                                  \fi \fi 
l.58 
      <./figuras/tabela_frequencia.png>]
<figuras/catia_1.jpg, id=523, 651.18282pt x 619.56468pt>
File: figuras/catia_1.jpg Graphic file (type jpg)
<use figuras/catia_1.jpg>
Package pdftex.def Info: figuras/catia_1.jpg  used on input line 72. on input l
ine 72.
Package pdftex.def Info: Requested size: 284.52756pt x 270.71854pt on input lin
e 72.
 [35]
<figuras/catia_2.jpg, id=529, 454.69875pt x 551.81157pt>
File: figuras/catia_2.jpg Graphic file (type jpg)
<use figuras/catia_2.jpg>
Package pdftex.def Info: figuras/catia_2.jpg  used on input line 79. on input l
ine 79.
Package pdftex.def Info: Requested size: 256.0748pt x 310.77214pt on input line
 79.
 [36pdfTeX warning (ext4): destination with the same identifier (name{figure.2.
14}) has been already used, duplicate ignored

\AtBegShi@Output ...ipout \box \AtBeginShipoutBox 
                                                  \fi \fi 
l.83 
      <./figuras/catia_1.jpg>]
<figuras/catia_3.jpg, id=534, 548.0475pt x 572.89032pt>
File: figuras/catia_3.jpg Graphic file (type jpg)
<use figuras/catia_3.jpg>
Package pdftex.def Info: figuras/catia_3.jpg  used on input line 86. on input l
ine 86.
Package pdftex.def Info: Requested size: 256.0748pt x 267.685pt on input line 8
6.
<figuras/catia_4.jpg, id=535, 548.0475pt x 560.0925pt>
File: figuras/catia_4.jpg Graphic file (type jpg)
<use figuras/catia_4.jpg>
Package pdftex.def Info: figuras/catia_4.jpg  used on input line 93. on input l
ine 93.
Package pdftex.def Info: Requested size: 256.0748pt x 261.70517pt on input line
 93.
 [37pdfTeX warning (ext4): destination with the same identifier (name{figure.2.
15}) has been already used, duplicate ignored

\AtBegShi@Output ...ipout \box \AtBeginShipoutBox 
                                                  \fi \fi 
l.97 
     pdfTeX warning (ext4): destination with the same identifier (name{figure.2
.16}) has been already used, duplicate ignored

\AtBegShi@Output ...ipout \box \AtBeginShipoutBox 
                                                  \fi \fi 
l.97 
      <./figuras/catia_2.jpg> <./figuras/catia_3.jpg>]
<figuras/catia_5.jpg, id=540, 670.00313pt x 613.54219pt>
File: figuras/catia_5.jpg Graphic file (type jpg)
<use figuras/catia_5.jpg>
Package pdftex.def Info: figuras/catia_5.jpg  used on input line 100. on input 
line 100.
Package pdftex.def Info: Requested size: 256.0748pt x 234.4872pt on input line 
100.
<figuras/catia_6.jpg, id=541, 669.2503pt x 616.55344pt>
File: figuras/catia_6.jpg Graphic file (type jpg)
<use figuras/catia_6.jpg>
Package pdftex.def Info: figuras/catia_6.jpg  used on input line 107. on input 
line 107.
Package pdftex.def Info: Requested size: 256.0748pt x 235.92029pt on input line
 107.
 [38pdfTeX warning (ext4): destination with the same identifier (name{figure.2.
17}) has been already used, duplicate ignored

\AtBegShi@Output ...ipout \box \AtBeginShipoutBox 
                                                  \fi \fi 
l.111 
      pdfTeX warning (ext4): destination with the same identifier (name{figure.
2.18}) has been already used, duplicate ignored

\AtBegShi@Output ...ipout \box \AtBeginShipoutBox 
                                                  \fi \fi 
l.111 
       <./figuras/catia_4.jpg> <./figuras/catia_5.jpg>]
<figuras/catia_7.jpg, id=546, 669.2503pt x 616.55344pt>
File: figuras/catia_7.jpg Graphic file (type jpg)
<use figuras/catia_7.jpg>
Package pdftex.def Info: figuras/catia_7.jpg  used on input line 114. on input 
line 114.
Package pdftex.def Info: Requested size: 256.0748pt x 235.92029pt on input line
 114.
<figuras/catia_8.jpg, id=547, 560.8453pt x 493.0922pt>
File: figuras/catia_8.jpg Graphic file (type jpg)
<use figuras/catia_8.jpg>
Package pdftex.def Info: figuras/catia_8.jpg  used on input line 121. on input 
line 121.
Package pdftex.def Info: Requested size: 256.0748pt x 225.13226pt on input line
 121.
 [39pdfTeX warning (ext4): destination with the same identifier (name{figure.2.
19}) has been already used, duplicate ignored

\AtBegShi@Output ...ipout \box \AtBeginShipoutBox 
                                                  \fi \fi 
l.125 
      pdfTeX warning (ext4): destination with the same identifier (name{figure.
2.20}) has been already used, duplicate ignored

\AtBegShi@Output ...ipout \box \AtBeginShipoutBox 
                                                  \fi \fi 
l.125 
       <./figuras/catia_6.jpg> <./figuras/catia_7.jpg>]
<figuras/catia_9.png, id=552, 2436.9444pt x 2593.0476pt>
File: figuras/catia_9.png Graphic file (type png)
<use figuras/catia_9.png>
Package pdftex.def Info: figuras/catia_9.png  used on input line 128. on input 
line 128.
Package pdftex.def Info: Requested size: 256.0748pt x 272.45609pt on input line
 128.
<figuras/catia_10.png, id=553, 3275.2764pt x 2593.0476pt>
File: figuras/catia_10.png Graphic file (type png)
<use figuras/catia_10.png>
Package pdftex.def Info: figuras/catia_10.png  used on input line 135. on input
 line 135.
Package pdftex.def Info: Requested size: 256.0748pt x 202.70004pt on input line
 135.
 [40pdfTeX warning (ext4): destination with the same identifier (name{figure.2.
21}) has been already used, duplicate ignored

\AtBegShi@Output ...ipout \box \AtBeginShipoutBox 
                                                  \fi \fi 
l.139 
      pdfTeX warning (ext4): destination with the same identifier (name{figure.
2.22}) has been already used, duplicate ignored

\AtBegShi@Output ...ipout \box \AtBeginShipoutBox 
                                                  \fi \fi 
l.139 
       <./figuras/catia_8.jpg> <./figuras/catia_9.png>]
<figuras/catia_11.png, id=559, 1789.4052pt x 2561.2488pt>
File: figuras/catia_11.png Graphic file (type png)
<use figuras/catia_11.png>
Package pdftex.def Info: figuras/catia_11.png  used on input line 142. on input
 line 142.
Package pdftex.def Info: Requested size: 256.0748pt x 366.50592pt on input line
 142.
))
(./editaveis/solucao.tex [41pdfTeX warning (ext4): destination with the same id
entifier (name{figure.2.23}) has been already used, duplicate ignored

\AtBegShi@Output ...ipout \box \AtBeginShipoutBox 
                                                  \fi \fi 
l.1 \chapter
            [Soluo Proposta]{Soluo Proposta}pdfTeX warning (ext4): dest
ination with the same identifier (name{figure.2.24}) has been already used, dup
licate ignored

\AtBegShi@Output ...ipout \box \AtBeginShipoutBox 
                                                  \fi \fi 
l.1 \chapter
            [Soluo Proposta]{Soluo Proposta} <./figuras/catia_10.png> <
./figuras/catia_11.png>] [42

] (./editaveis/solucao_software.tex)
(./editaveis/solucao_energia.tex
<figuras/ponteH.png, id=571, 459.7175pt x 284.06125pt>
File: figuras/ponteH.png Graphic file (type png)
<use figuras/ponteH.png>
Package pdftex.def Info: figuras/ponteH.png  used on input line 6. on input lin
e 6.
Package pdftex.def Info: Requested size: 142.26378pt x 87.90636pt on input line
 6.
<figuras/simulacaoPonteH.png, id=572, 503.8825pt x 222.8325pt>
File: figuras/simulacaoPonteH.png Graphic file (type png)
<use figuras/simulacaoPonteH.png>
Package pdftex.def Info: figuras/simulacaoPonteH.png  used on input line 15. on
 input line 15.
Package pdftex.def Info: Requested size: 199.16928pt x 88.07736pt on input line
 15.
<figuras/simulacaoPonteH2.png, id=573, 494.84875pt x 218.8175pt>
File: figuras/simulacaoPonteH2.png Graphic file (type png)
<use figuras/simulacaoPonteH2.png>
Package pdftex.def Info: figuras/simulacaoPonteH2.png  used on input line 22. o
n input line 22.
Package pdftex.def Info: Requested size: 199.16928pt x 88.06967pt on input line
 22.
 [43pdfTeX warning (ext4): destination with the same identifier (name{figure.3.
25}) has been already used, duplicate ignored

\AtBegShi@Output ...ipout \box \AtBeginShipoutBox 
                                                  \fi \fi 
l.26 
     pdfTeX warning (ext4): destination with the same identifier (name{figure.3
.26}) has been already used, duplicate ignored

\AtBegShi@Output ...ipout \box \AtBeginShipoutBox 
                                                  \fi \fi 
l.26 
      <./figuras/ponteH.png (PNG copy)> <./figuras/simulacaoPonteH.png (PNG cop
y)>] [44pdfTeX warning (ext4): destination with the same identifier (name{figur
e.3.27}) has been already used, duplicate ignored

\AtBegShi@Output ...ipout \box \AtBeginShipoutBox 
                                                  \fi \fi 
l.66 
      <./figuras/simulacaoPonteH2.png (PNG copy)>]
<figuras/ponteHpronta.png, id=585, 497.86pt x 499.8675pt>
File: figuras/ponteHpronta.png Graphic file (type png)
<use figuras/ponteHpronta.png>
Package pdftex.def Info: figuras/ponteHpronta.png  used on input line 86. on in
put line 86.
Package pdftex.def Info: Requested size: 369.88582pt x 371.38348pt on input lin
e 86.
)
(./editaveis/solucao_estrutura.tex [45pdfTeX warning (ext4): destination with t
he same identifier (name{figure.3.28}) has been already used, duplicate ignored


\AtBegShi@Output ...ipout \box \AtBeginShipoutBox 
                                                  \fi \fi 
l.1 \section
            {Materiais} <./figuras/ponteHpronta.png (PNG copy)>] [46]
<figuras/propriedade_material.jpg, id=594, 178.41656pt x 135.50626pt>
File: figuras/propriedade_material.jpg Graphic file (type jpg)
<use figuras/propriedade_material.jpg>
Package pdftex.def Info: figuras/propriedade_material.jpg  used on input line 3
2. on input line 32.
Package pdftex.def Info: Requested size: 142.26378pt x 108.05363pt on input lin
e 32.
 [47pdfTeX warning (ext4): destination with the same identifier (name{figure.3.
29}) has been already used, duplicate ignored

\AtBegShi@Output ...ipout \box \AtBeginShipoutBox 
                                                  \fi \fi 
l.47 
      <./figuras/propriedade_material.jpg>]
<figuras/tensao_normal.png, id=601, 217.81375pt x 146.04562pt>
File: figuras/tensao_normal.png Graphic file (type png)
<use figuras/tensao_normal.png>
Package pdftex.def Info: figuras/tensao_normal.png  used on input line 50. on i
nput line 50.
Package pdftex.def Info: Requested size: 227.62204pt x 152.62146pt on input lin
e 50.
<figuras/flexao_pura.png, id=602, 289.08pt x 194.7275pt>
File: figuras/flexao_pura.png Graphic file (type png)
<use figuras/flexao_pura.png>
Package pdftex.def Info: figuras/flexao_pura.png  used on input line 58. on inp
ut line 58.
Package pdftex.def Info: Requested size: 227.62204pt x 153.3279pt on input line
 58.
<figuras/esquema_excitacao.png, id=603, 280.54813pt x 233.37187pt>
File: figuras/esquema_excitacao.png Graphic file (type png)
<use figuras/esquema_excitacao.png>
Package pdftex.def Info: figuras/esquema_excitacao.png  used on input line 68. 
on input line 68.
Package pdftex.def Info: Requested size: 142.26378pt x 118.33792pt on input lin
e 68.
 [48pdfTeX warning (ext4): destination with the same identifier (name{figure.3.
30}) has been already used, duplicate ignored

\AtBegShi@Output ...ipout \box \AtBeginShipoutBox 
                                                  \fi \fi 
l.71 
     pdfTeX warning (ext4): destination with the same identifier (name{figure.3
.31}) has been already used, duplicate ignored

\AtBegShi@Output ...ipout \box \AtBeginShipoutBox 
                                                  \fi \fi 
l.71 
      <./figuras/tensao_normal.png> <./figuras/flexao_pura.png>] [49pdfTeX warn
ing (ext4): destination with the same identifier (name{figure.3.32}) has been a
lready used, duplicate ignored

\AtBegShi@Output ...ipout \box \AtBeginShipoutBox 
                                                  \fi \fi 
l.86 
      <./figuras/esquema_excitacao.png>]
<figuras/dados.jpg, id=615, 268.00125pt x 210.7875pt>
File: figuras/dados.jpg Graphic file (type jpg)
<use figuras/dados.jpg>
Package pdftex.def Info: figuras/dados.jpg  used on input line 89. on input lin
e 89.
Package pdftex.def Info: Requested size: 227.62204pt x 179.0287pt on input line
 89.
) (./editaveis/solucao_eletronica.tex
[50pdfTeX warning (ext4): destination with the same identifier (name{figure.3.3
3}) has been already used, duplicate ignored

\AtBegShi@Output ...ipout \box \AtBeginShipoutBox 
                                                  \fi \fi 
l.13 	\item C
             onector de vdeo HDMI <./figuras/dados.jpg>]
<figuras/eletronica_1.png, id=620, 463.7325pt x 370.38374pt>
File: figuras/eletronica_1.png Graphic file (type png)
<use figuras/eletronica_1.png>
Package pdftex.def Info: figuras/eletronica_1.png  used on input line 33. on in
put line 33.
Package pdftex.def Info: Requested size: 170.71652pt x 136.35034pt on input lin
e 33.
 [51pdfTeX warning (ext4): destination with the same identifier (name{figure.3.
34}) has been already used, duplicate ignored

\AtBegShi@Output ...ipout \box \AtBeginShipoutBox 
                                                  \fi \fi 
l.38 
      <./figuras/eletronica_1.png>]
<figuras/optocoaplador.png, id=625, 186.6975pt x 180.675pt>
File: figuras/optocoaplador.png Graphic file (type png)
<use figuras/optocoaplador.png>
Package pdftex.def Info: figuras/optocoaplador.png  used on input line 63. on i
nput line 63.
Package pdftex.def Info: Requested size: 227.62204pt x 220.28807pt on input lin
e 63.
 [52]
<figuras/optoacopladores.jpg, id=630, 2569.6pt x 1927.2pt>
File: figuras/optoacopladores.jpg Graphic file (type jpg)
<use figuras/optoacopladores.jpg>
Package pdftex.def Info: figuras/optoacopladores.jpg  used on input line 73. on
 input line 73.
Package pdftex.def Info: Requested size: 426.79134pt x 320.09157pt on input lin
e 73.
 [53pdfTeX warning (ext4): destination with the same identifier (name{figure.3.
35}) has been already used, duplicate ignored

\AtBegShi@Output ...ipout \box \AtBeginShipoutBox 
                                                  \fi \fi 
l.76 
      <./figuras/optocoaplador.png>]
<figuras/modulo_re.jpg, id=636, 451.6875pt x 451.6875pt>
File: figuras/modulo_re.jpg Graphic file (type jpg)
<use figuras/modulo_re.jpg>
Package pdftex.def Info: figuras/modulo_re.jpg  used on input line 85. on input
 line 85.
Package pdftex.def Info: Requested size: 227.62204pt x 227.62827pt on input lin
e 85.
 [54pdfTeX warning (ext4): destination with the same identifier (name{figure.3.
36}) has been already used, duplicate ignored

\AtBegShi@Output ...ipout \box \AtBeginShipoutBox 
                                                  \fi \fi 
l.88 
      <./figuras/optoacopladores.jpg>]
<figuras/circuito_1.png, id=641, 749.80125pt x 463.7325pt>
File: figuras/circuito_1.png Graphic file (type png)
<use figuras/circuito_1.png>
Package pdftex.def Info: figuras/circuito_1.png  used on input line 103. on inp
ut line 103.
Package pdftex.def Info: Requested size: 227.62204pt x 140.7766pt on input line
 103.
 [55pdfTeX warning (ext4): destination with the same identifier (name{figure.3.
37}) has been already used, duplicate ignored

\AtBegShi@Output ...ipout \box \AtBeginShipoutBox 
                                                  \fi \fi 
l.106 
       <./figuras/modulo_re.jpg>]
<figuras/curva_ldr.png, id=646, 401.5pt x 289.08pt>
File: figuras/curva_ldr.png Graphic file (type png)
<use figuras/curva_ldr.png>
Package pdftex.def Info: figuras/curva_ldr.png  used on input line 124. on inpu
t line 124.
Package pdftex.def Info: Requested size: 227.62204pt x 163.89069pt on input lin
e 124.
 [56pdfTeX warning (ext4): destination with the same identifier (name{figure.3.
38}) has been already used, duplicate ignored

\AtBegShi@Output ...ipout \box \AtBeginShipoutBox 
                                                  \fi \fi 
l.126 \end{figure}
                   <./figuras/circuito_1.png>]
<figuras/single_bus.jpg, id=652, 961.34157pt x 112.16907pt>
File: figuras/single_bus.jpg Graphic file (type jpg)
<use figuras/single_bus.jpg>
Package pdftex.def Info: figuras/single_bus.jpg  used on input line 164. on inp
ut line 164.
Package pdftex.def Info: Requested size: 455.24408pt x 53.11826pt on input line
 164.
 [57pdfTeX warning (ext4): destination with the same identifier (name{figure.3.
39}) has been already used, duplicate ignored

\AtBegShi@Output ...ipout \box \AtBeginShipoutBox 
                                                  \fi \fi 
l.167 \end{figure}
                  pdfTeX warning (ext4): destination with the same identifier (
name{table.3.2}) has been already used, duplicate ignored

\AtBegShi@Output ...ipout \box \AtBeginShipoutBox 
                                                  \fi \fi 
l.167 \end{figure}
                   <./figuras/curva_ldr.png>] [58pdfTeX warning (ext4): destina
tion with the same identifier (name{figure.3.40}) has been already used, duplic
ate ignored

\AtBegShi@Output ...ipout \box \AtBeginShipoutBox 
                                                  \fi \fi 
l.207 
      pdfTeX warning (ext4): destination with the same identifier (name{table.3
.3}) has been already used, duplicate ignored

\AtBegShi@Output ...ipout \box \AtBeginShipoutBox 
                                                  \fi \fi 
l.207 
       <./figuras/single_bus.jpg>]
<figuras/humity_sensor.jpg, id=662, 602.25pt x 291.0875pt>
File: figuras/humity_sensor.jpg Graphic file (type jpg)
<use figuras/humity_sensor.jpg>
Package pdftex.def Info: figuras/humity_sensor.jpg  used on input line 210. on 
input line 210.
Package pdftex.def Info: Requested size: 341.43306pt x 165.03326pt on input lin
e 210.
<figuras/thermistor.jpg, id=663, 501.875pt x 255.95625pt>
File: figuras/thermistor.jpg Graphic file (type jpg)
<use figuras/thermistor.jpg>
Package pdftex.def Info: figuras/thermistor.jpg  used on input line 219. on inp
ut line 219.
Package pdftex.def Info: Requested size: 341.43306pt x 174.13776pt on input lin
e 219.
 [59pdfTeX warning (ext4): destination with the same identifier (name{figure.3.
41}) has been already used, duplicate ignored

\AtBegShi@Output ...ipout \box \AtBeginShipoutBox 
                                                  \fi \fi 
l.227 
      pdfTeX warning (ext4): destination with the same identifier (name{figure.
3.42}) has been already used, duplicate ignored

\AtBegShi@Output ...ipout \box \AtBeginShipoutBox 
                                                  \fi \fi 
l.227 
       <./figuras/humity_sensor.jpg> <./figuras/thermistor.jpg>]
<figuras/calculo_equilibrio.png, id=669, 210.03468pt x 116.68594pt>
File: figuras/calculo_equilibrio.png Graphic file (type png)
<use figuras/calculo_equilibrio.png>
Package pdftex.def Info: figuras/calculo_equilibrio.png  used on input line 247
. on input line 247.
Package pdftex.def Info: Requested size: 213.39566pt x 118.55336pt on input lin
e 247.
 [60]
<figuras/valores_ph.png, id=674, 282.30469pt x 83.5622pt>
File: figuras/valores_ph.png Graphic file (type png)
<use figuras/valores_ph.png>
Package pdftex.def Info: figuras/valores_ph.png  used on input line 270. on inp
ut line 270.
Package pdftex.def Info: Requested size: 142.26378pt x 42.10994pt on input line
 270.
 [61pdfTeX warning (ext4): destination with the same identifier (name{figure.3.
43}) has been already used, duplicate ignored

\AtBegShi@Output ...ipout \box \AtBeginShipoutBox 
                                                  \fi \fi 
l.285 	\item C
              onsumo em funcionamento menor igual a 0,5WpdfTeX warning (ext4): 
destination with the same identifier (name{figure.3.44}) has been already used,
 duplicate ignored

\AtBegShi@Output ...ipout \box \AtBeginShipoutBox 
                                                  \fi \fi 
l.285 	\item C
              onsumo em funcionamento menor igual a 0,5W <./figuras/calculo_equ
ilibrio.png (PNG copy)> <./figuras/valores_ph.png (PNG copy)>]
<figuras/sensor_ph.png, id=679, 555.57562pt x 353.82187pt>
File: figuras/sensor_ph.png Graphic file (type png)
<use figuras/sensor_ph.png>
Package pdftex.def Info: figuras/sensor_ph.png  used on input line 296. on inpu
t line 296.
Package pdftex.def Info: Requested size: 142.26378pt x 90.5986pt on input line 
296.
<figuras/amplificador.png, id=680, 270.25969pt x 179.92218pt>
File: figuras/amplificador.png Graphic file (type png)
<use figuras/amplificador.png>
Package pdftex.def Info: figuras/amplificador.png  used on input line 303. on i
nput line 303.
Package pdftex.def Info: Requested size: 284.52756pt x 189.42627pt on input lin
e 303.
<figuras/parametros_medicoes.png, id=681, 405.76593pt x 150.5625pt>
File: figuras/parametros_medicoes.png Graphic file (type png)
<use figuras/parametros_medicoes.png>
Package pdftex.def Info: figuras/parametros_medicoes.png  used on input line 31
0. on input line 310.
Package pdftex.def Info: Requested size: 426.79134pt x 158.36867pt on input lin
e 310.
 [62pdfTeX warning (ext4): destination with the same identifier (name{figure.3.
45}) has been already used, duplicate ignored

\AtBegShi@Output ...ipout \box \AtBeginShipoutBox 
                                                  \fi \fi 
l.314 
      pdfTeX warning (ext4): destination with the same identifier (name{figure.
3.46}) has been already used, duplicate ignored

\AtBegShi@Output ...ipout \box \AtBeginShipoutBox 
                                                  \fi \fi 
l.314 
       <./figuras/sensor_ph.png (PNG copy)> <./figuras/amplificador.png (PNG co
py)>] [63pdfTeX warning (ext4): destination with the same identifier (name{figu
re.3.47}) has been already used, duplicate ignored

\AtBegShi@Output ...ipout \box \AtBeginShipoutBox 
                                                  \fi \fi 
l.347 
       <./figuras/parametros_medicoes.png (PNG copy)>]
<figuras/solucoes_especiais.png, id=690, 515.67656pt x 351.56343pt>
File: figuras/solucoes_especiais.png Graphic file (type png)
<use figuras/solucoes_especiais.png>
Package pdftex.def Info: figuras/solucoes_especiais.png  used on input line 362
. on input line 362.
Package pdftex.def Info: Requested size: 455.24408pt x 310.37454pt on input lin
e 362.
 [64]))
(./editaveis/resultados.tex [65pdfTeX warning (ext4): destination with the same
 identifier (name{figure.3.48}) has been already used, duplicate ignored

\AtBegShi@Output ...ipout \box \AtBeginShipoutBox 
                                                  \fi \fi 
l.1 \chapter
            [Resultados]{Resultados} <./figuras/solucoes_especiais.png (PNG cop
y)>] [66

] (./editaveis/resultados_software.tex)
(./editaveis/resultados_eletronica.tex) (./editaveis/resultados_energia.tex)
(./editaveis/resultados_estrutura.tex
<figuras/resultado_1.jpg, id=705, 2006.49625pt x 1505.625pt>
File: figuras/resultado_1.jpg Graphic file (type jpg)
<use figuras/resultado_1.jpg>
Package pdftex.def Info: figuras/resultado_1.jpg  used on input line 26. on inp
ut line 26.
Package pdftex.def Info: Requested size: 312.9803pt x 234.8398pt on input line 
26.
 [67]
<figuras/resultado_2.jpg, id=710, 2006.49625pt x 1505.625pt>
File: figuras/resultado_2.jpg Graphic file (type jpg)
<use figuras/resultado_2.jpg>
Package pdftex.def Info: figuras/resultado_2.jpg  used on input line 32. on inp
ut line 32.
Package pdftex.def Info: Requested size: 312.9803pt x 234.8398pt on input line 
32.
 [68pdfTeX warning (ext4): destination with the same identifier (name{figure.4.
49}) has been already used, duplicate ignored

\AtBegShi@Output ...ipout \box \AtBeginShipoutBox 
                                                  \fi \fi 
l.44 	\item E
             spuma ExpansivapdfTeX warning (ext4): destination with the same id
entifier (name{figure.4.50}) has been already used, duplicate ignored

\AtBegShi@Output ...ipout \box \AtBeginShipoutBox 
                                                  \fi \fi 
l.44 	\item E
             spuma Expansiva <./figuras/resultado_1.jpg> <./figuras/resultado_2
.jpg>]
<figuras/resultado_3.jpg, id=715, 2006.49625pt x 1505.625pt>
File: figuras/resultado_3.jpg Graphic file (type jpg)
<use figuras/resultado_3.jpg>
Package pdftex.def Info: figuras/resultado_3.jpg  used on input line 59. on inp
ut line 59.
Package pdftex.def Info: Requested size: 341.43306pt x 256.20558pt on input lin
e 59.
)) (./editaveis/orcamento.tex [69pdfTeX warning (ext4): destination with the sa
me identifier (name{figure.4.51}) has been already used, duplicate ignored

\AtBegShi@Output ...ipout \box \AtBeginShipoutBox 
                                                  \fi \fi 
l.1 \chapter
            [Oramento do Projeto]{Oramento do Projeto} <./figuras/resultado
_3.jpg>] [70

]) 
AED: lastpage setting LastPage
[71]
\tf@lof=\write4
\openout4 = `index.lof'.

\tf@lot=\write5
\openout5 = `index.lot'.

\tf@toc=\write6
\openout6 = `index.toc'.

Package atveryend Info: Empty hook `BeforeClearDocument' on input line 26.
Package atveryend Info: Empty hook `AfterLastShipout' on input line 26.
 (./index.aux)
Package atveryend Info: Executing hook `AtVeryEndDocument' on input line 26.
Package atveryend Info: Empty hook `AtEndAfterFileList' on input line 26.


LaTeX Warning: There were multiply-defined labels.

Package atveryend Info: Empty hook `AtVeryVeryEnd' on input line 26.
 ) 
Here is how much of TeX's memory you used:
 15467 strings out of 492990
 222663 string characters out of 6135006
 349865 words of memory out of 5000000
 18370 multiletter control sequences out of 15000+600000
 64213 words of font info for 52 fonts, out of 8000000 for 9000
 1141 hyphenation exceptions out of 8191
 45i,16n,38p,1000b,524s stack positions out of 5000i,500n,10000p,200000b,80000s
{/usr/share/texmf/fonts/enc/dvips/lm/lm-mathsy.enc}{/usr/share/texmf/fonts/en
c/dvips/lm/lm-ec.enc}{/usr/share/texmf/fonts/enc/dvips/lm/lm-mathit.enc}{/usr/s
hare/texmf/fonts/enc/dvips/lm/lm-rm.enc}{/usr/share/texmf/fonts/enc/dvips/lm/lm
-ts1.enc}</usr/share/texmf/fonts/type1/public/lm/lmbx12.pfb></usr/share/texmf/f
onts/type1/public/lm/lmmi12.pfb></usr/share/texmf/fonts/type1/public/lm/lmmi6.p
fb></usr/share/texmf/fonts/type1/public/lm/lmmi8.pfb></usr/share/texmf/fonts/ty
pe1/public/lm/lmr10.pfb></usr/share/texmf/fonts/type1/public/lm/lmr12.pfb></usr
/share/texmf/fonts/type1/public/lm/lmr8.pfb></usr/share/texmf/fonts/type1/publi
c/lm/lmri10.pfb></usr/share/texmf/fonts/type1/public/lm/lmri12.pfb></usr/share/
texmf/fonts/type1/public/lm/lmss10.pfb></usr/share/texmf/fonts/type1/public/lm/
lmss12.pfb></usr/share/texmf/fonts/type1/public/lm/lmss17.pfb></usr/share/texmf
/fonts/type1/public/lm/lmssbx10.pfb></usr/share/texmf/fonts/type1/public/lm/lms
y10.pfb></usr/share/texmf/fonts/type1/public/lm/lmsy8.pfb>
Output written on index.pdf (73 pages, 8480672 bytes).
PDF statistics:
 1116 PDF objects out of 1200 (max. 8388607)
 927 compressed objects within 10 object streams
 219 named destinations out of 1000 (max. 500000)
 1017 words of extra memory for PDF output out of 10000 (max. 10000000)

