This is pdfTeX, Version 3.14159265-2.6-1.40.18 (TeX Live 2017/Debian) (preloaded format=pdflatex 2018.5.8)  12 MAY 2018 10:30
entering extended mode
 restricted \write18 enabled.
 %&-line parsing enabled.
**/home/adailson/Documentos/estufa-pi2/relatorio-pi2-estufa/editaveis/informaco
es

(/home/adailson/Documentos/estufa-pi2/relatorio-pi2-estufa/editaveis/informacoe
s.tex
LaTeX2e <2017-04-15>
Babel <3.12> and hyphenation patterns for 84 language(s) loaded.
! Undefined control sequence.
l.2 \autor
          {Adailson Santos, Eduardo Rodrigues, Gabriel Augusto Silva, Gustav...
 
Here is how much of TeX's memory you used:
 6 strings out of 492990
 352 string characters out of 6135006
 53807 words of memory out of 5000000
 3663 multiletter control sequences out of 15000+600000
 3640 words of font info for 14 fonts, out of 8000000 for 9000
 1141 hyphenation exceptions out of 8191
 5i,0n,1p,314b,8s stack positions out of 5000i,500n,10000p,200000b,80000s
!  ==> Fatal error occurred, no output PDF file produced!
